Method 'SystemVoidCosmosSystemKernelStart', ID = '0'
Method 'SystemVoidCosmosIL2CPURuntimeEngineInitializeApplication', ID = '1'
Method 'SystemVoidCosmosIL2CPURuntimeEngineFinalizeApplicationSystemInt32', ID = '2'
Method 'SystemBooleanCosmosIL2CPUVTablesImplIsInstanceSystemUInt32SystemUInt32SystemBoolean', ID = '3'
Method 'SystemVoidCosmosIL2CPUVTablesImplSetTypeInfoSystemInt32SystemUInt32SystemUInt32SystemUInt32arraySystemUInt32SystemUInt32arraySystemUInt32arraySystemUInt32SystemUInt32arraySystemUInt32array', ID = '4'
Method 'SystemVoidCosmosIL2CPUVTablesImplSetInterfaceInfoSystemInt32SystemInt32SystemUInt32', ID = '5'
Method 'SystemVoidCosmosIL2CPUVTablesImplSetMethodInfoSystemInt32SystemInt32SystemUInt32SystemUInt32', ID = '6'
Method 'SystemVoidCosmosIL2CPUVTablesImplSetInterfaceMethodInfoSystemInt32SystemInt32SystemUInt32SystemUInt32', ID = '7'
Method 'SystemUInt32CosmosIL2CPUVTablesImplGetMethodAddressForTypeSystemUInt32SystemUInt32', ID = '8'
Method 'SystemUInt32CosmosIL2CPUVTablesImplGetMethodAddressForInterfaceTypeSystemUInt32SystemUInt32', ID = '9'
Method 'SystemVoidCosmosIL2CPUExceptionHelperThrowNotImplementedSystemString', ID = '13'
Method 'SystemVoidCosmosIL2CPUExceptionHelperThrowOverflow', ID = '14'
Method 'SystemVoidCosmosIL2CPUExceptionHelperThrowInvalidOperationSystemString', ID = '15'
Method 'SystemVoidCosmosIL2CPUExceptionHelperThrowArgumentOutOfRangeSystemString', ID = '16'
Method 'SystemVoidSystemArrayctor', ID = '18'
Method 'SystemDelegatearraySystemMulticastDelegateGetInvocationList', ID = '19'
Method 'SystemVoidCosmosIL2CPUExceptionHelperThrowInvalidCastException', ID = '21'
Method 'SystemVoidCosmosIL2CPUExceptionHelperThrowNotFiniteNumberExceptionSystemDouble', ID = '22'
Method 'SystemVoidCosmosIL2CPUExceptionHelperThrowDivideByZeroException', ID = '23'
Method 'SystemVoidCosmosIL2CPUExceptionHelperThrowIndexOutOfRangeException', ID = '24'
Method 'SystemVoidcrelos2Kernelctor', ID = '25'
Method 'SystemVoidCosmosDebugKernelDebuggerSendSystemString', ID = '30'
Method 'SystemVoidCosmosHALBootstrapInit', ID = '34'
Method 'CosmosHALTextScreenBaseCosmosSystemKernelGetTextScreen', ID = '35'
Method 'SystemVoidCosmosSystemGlobalInitCosmosHALTextScreenBase', ID = '36'
Method 'SystemVoidCosmosSystemKernelBeforeRun', ID = '37'
Method 'SystemVoidCosmosHALGlobalEnableInterrupts', ID = '38'
Method 'SystemVoidCosmosSystemKernelAfterRun', ID = '40'
Method 'SystemVoidCosmosIL2CPURuntimeEngineInitializeEngine', ID = '44'
Method 'SystemVoidCosmosIL2CPURuntimeEngineHeap_Initialize', ID = '45'
Method 'SystemVoidCosmosIL2CPURuntimeEngineFinalizeEngine', ID = '47'
Method 'SystemVoidCosmosIL2CPURuntimeEngineExitProcessSystemInt32', ID = '48'
Method 'SystemVoidCosmosIL2CPUVTablesImplDebugSystemString', ID = '54'
Method 'SystemVoidCosmosIL2CPUVTablesImplDebugHexSystemStringSystemUInt32', ID = '55'
Method 'SystemVoidCosmosIL2CPUVTablesImplDebugAndHaltSystemString', ID = '57'
Method 'SystemVoidCosmosDebugKernelPlugsAsmDebuggerAsmSendKernelPanicSystemUInt32', ID = '59'
Method 'SystemVoidCosmosCore_PlugsGCImplementionImplIncRefCountSystemUInt32', ID = '61'
Method 'SystemVoidCosmosCore_PlugsGCImplementionImplDecRefCountSystemUInt32', ID = '62'
Method 'SystemUInt32CosmosCore_PlugsGCImplementionImplAllocNewObjectSystemUInt32', ID = '63'
Method 'SystemVoidSystemNotImplementedExceptionctorSystemString', ID = '65'
Method 'SystemVoidSystemOverflowExceptionctorSystemString', ID = '66'
Method 'SystemVoidSystemInvalidOperationExceptionctorSystemString', ID = '67'
Method 'SystemVoidSystemArgumentOutOfRangeExceptionctorSystemString', ID = '68'
Method 'SystemDelegatearraySystemDelegateGetInvocationList', ID = '79'
Method 'SystemInt32SystemIntPtrop_ExplicitSystemIntPtr', ID = '82'
Method 'SystemVoidSystemInvalidCastExceptionctor', ID = '83'
Method 'SystemVoidSystemNotFiniteNumberExceptionctorSystemDouble', ID = '85'
Method 'SystemVoidSystemDivideByZeroExceptionctor', ID = '86'
Method 'SystemVoidSystemIndexOutOfRangeExceptionctor', ID = '87'
Method 'SystemVoidCosmosSystemKernelctor', ID = '89'
Method 'SystemVoidCosmosSystemGlobalcctor', ID = '91'
Method 'SystemVoidCosmosCore_PlugsSystemExceptionImplCtorSystemString', ID = '95'
Method 'SystemVoidCosmosCoreBootstrapInit', ID = '102'
Method 'SystemVoidCosmosSystemConsolectorCosmosHALTextScreenBase', ID = '104'
Method 'SystemVoidCosmosHALGlobalInitCosmosHALTextScreenBase', ID = '106'
Method 'SystemVoidCosmosSystemGlobalset_NumLockSystemBoolean', ID = '107'
Method 'SystemVoidCosmosSystemGlobalset_CapsLockSystemBoolean', ID = '108'
Method 'SystemVoidCosmosSystemGlobalset_ScrollLockSystemBoolean', ID = '109'
Method 'SystemVoidcrelos2KernelBeforeRun', ID = '110'
Method 'SystemVoidCosmosCoreCPUEnableInterrupts', ID = '112'
Method 'SystemVoidcrelos2KernelRun', ID = '113'
Method 'SystemVoidCosmosSystem_PlugsSystemConsoleImplWriteLineSystemString', ID = '115'
Method 'SystemStringSystemValueTypeToString', ID = '116'
Method 'SystemStringSystemStringToString', ID = '117'
Method 'SystemStringSystemBooleanToString', ID = '120'
Method 'SystemStringCosmosCore_PlugsSystemObjectImplToString', ID = '123'
Method 'SystemVoidCosmosIL2CPURuntimeEnginecctor', ID = '124'
Method 'SystemVoidSystemBooleancctor', ID = '130'
Method 'SystemVoidCosmosIL2CPUVTablesImplcctor', ID = '133'
Method 'SystemVoidCosmosDebugKernelDebuggerSendNumberSystemUInt32', ID = '135'
Method 'SystemVoidCosmosCoreMemoryOldGlobalSystemInfoEnsureInitialized', ID = '143'
Method 'SystemUInt32CosmosCoreMemoryOldHeapMemAllocSystemUInt32', ID = '144'
Method 'SystemVoidSystemSystemExceptionctorSystemString', ID = '146'
Method 'SystemVoidSystemExceptionset_HResultSystemInt32', ID = '147'
Method 'SystemVoidSystemArithmeticExceptionctorSystemString', ID = '149'
Method 'SystemStringSystemSRget_Arg_ArgumentOutOfRangeException', ID = '152'
Method 'SystemVoidSystemArgumentExceptionctorSystemStringSystemString', ID = '153'
Method 'SystemVoidCosmosCore_PlugsSystemObjectImplCtor', ID = '154'
Method 'SystemStringSystemSRget_Arg_InvalidCastException', ID = '168'
Method 'SystemVoidSystemDoublecctor', ID = '169'
Method 'SystemVoidSystemArithmeticExceptionctor', ID = '173'
Method 'SystemStringSystemSRget_Arg_DivideByZero', ID = '175'
Method 'SystemStringSystemSRget_Arg_IndexOutOfRangeException', ID = '177'
Method 'SystemVoidCosmosDebugKernelDebuggerctorSystemStringSystemString', ID = '178'
Method 'SystemVoidCosmosDebugKernelPlugsAsmDebuggerAsmDoSendSystemString', ID = '180'
Method 'SystemVoidSystemExceptioncctor', ID = '181'
Method 'SystemVoidCosmosCoreINTsDummy', ID = '185'
Method 'SystemVoidCosmosCorePICctor', ID = '186'
Method 'SystemVoidCosmosHALTextScreenctor', ID = '199'
Method 'SystemVoidCosmosCoreGlobalInit', ID = '202'
Method 'SystemVoidCosmosHALPCISetup', ID = '204'
Method 'SystemVoidCosmosCoreACPIStartSystemBooleanSystemBoolean', ID = '205'
Method 'SystemVoidCosmosHALPS2ControllerInitialize', ID = '207'
Method 'SystemVoidCosmosHALBlockDeviceIDEInitDriver', ID = '208'
Method 'SystemVoidCosmosHALBlockDeviceAHCIInitDriver', ID = '209'
Method 'SystemVoidCosmosSystemKeyboardManagerset_NumLockSystemBoolean', ID = '210'
Method 'SystemVoidCosmosSystemKeyboardManagerset_CapsLockSystemBoolean', ID = '211'
Method 'SystemVoidCosmosSystemKeyboardManagerset_ScrollLockSystemBoolean', ID = '212'
Method 'SystemVoidCosmosHALGlobalcctor', ID = '213'
Method 'SystemBooleanSystemStringop_EqualitySystemStringSystemString', ID = '219'
Method 'SystemVoidcrelos2KernelCalcSystemDoubleSystemDoubleSystemString', ID = '222'
Method 'SystemVoidSystemConsolecctor', ID = '223'
Method 'SystemStringSystemEnvironmentget_NewLine', ID = '225'
Method 'SystemStringSystemStringConcatSystemStringSystemString', ID = '226'
Method 'SystemVoidCosmosSystem_PlugsSystemConsoleImplWriteSystemString', ID = '227'
Method 'SystemStringCosmosSystem_PlugsSystemInt32ImplToString', ID = '229'
Method 'SystemStringCosmosSystem_PlugsSystemUInt32ImplToString', ID = '230'
Method 'SystemStringCosmosSystem_PlugsSystemDoubleImplToString', ID = '231'
Method 'SystemStringCosmosCore_PlugsSystemExceptionImplToString', ID = '232'
Method 'SystemUInt32CosmosCoreMemoryOldGlobalSystemInfoget_TotalDataLookupTableSize', ID = '244'
Method 'SystemBooleanCosmosCoreCPUDisableInterrupts', ID = '248'
Method 'SystemVoidCosmosCoreMemoryOldHeapEnsureIsInitialized', ID = '249'
Method 'CosmosCoreMemoryOldGlobalInformationTablepointerCosmosCoreMemoryOldGlobalSystemInfoget_GlobalInformationTable', ID = '250'
Method 'SystemBooleanCosmosCoreMemoryOldHeapScanDataLookupTableCosmosCoreMemoryOldDataLookupTablepointerSystemUInt32SystemUInt32', ID = '252'
Method 'CosmosCoreMemoryOldDataLookupEntrypointerCosmosCoreMemoryOldDataLookupTableGetEntrySystemUInt32', ID = '255'
Method 'SystemVoidCosmosCoreMemoryOldHeapClearMemorySystemVoidpointerSystemUInt32', ID = '257'
Method 'SystemStringSystemSRGetResourceStringSystemStringSystemString', ID = '262'
Method 'SystemDoubleSystemBitConverterInt64BitsToDoubleSystemInt64', ID = '265'
Method 'SystemStringSystemSRget_Arg_ArithmeticException', ID = '267'
Method 'SystemVoidCosmosCoreBootstrapcctor', ID = '269'
Method 'SystemVoidCosmosCoreINTsHandleInterrupt_DefaultCosmosCoreINTsIRQContext', ID = '272'
Method 'SystemVoidCosmosCoreINTsHandleInterrupt_00CosmosCoreINTsIRQContext', ID = '273'
Method 'SystemVoidCosmosCoreINTsHandleInterrupt_01CosmosCoreINTsIRQContext', ID = '274'
Method 'SystemVoidCosmosCoreINTsHandleInterrupt_02CosmosCoreINTsIRQContext', ID = '275'
Method 'SystemVoidCosmosCoreINTsHandleInterrupt_03CosmosCoreINTsIRQContext', ID = '276'
Method 'SystemVoidCosmosCoreINTsHandleInterrupt_04CosmosCoreINTsIRQContext', ID = '277'
Method 'SystemVoidCosmosCoreINTsHandleInterrupt_05CosmosCoreINTsIRQContext', ID = '278'
Method 'SystemVoidCosmosCoreINTsHandleInterrupt_06CosmosCoreINTsIRQContext', ID = '279'
Method 'SystemVoidCosmosCoreINTsHandleInterrupt_07CosmosCoreINTsIRQContext', ID = '280'
Method 'SystemVoidCosmosCoreINTsHandleInterrupt_08CosmosCoreINTsIRQContext', ID = '281'
Method 'SystemVoidCosmosCoreINTsHandleInterrupt_09CosmosCoreINTsIRQContext', ID = '282'
Method 'SystemVoidCosmosCoreINTsHandleInterrupt_0ACosmosCoreINTsIRQContext', ID = '283'
Method 'SystemVoidCosmosCoreINTsHandleInterrupt_0BCosmosCoreINTsIRQContext', ID = '284'
Method 'SystemVoidCosmosCoreINTsHandleInterrupt_0CCosmosCoreINTsIRQContext', ID = '285'
Method 'SystemVoidCosmosCoreINTsHandleInterrupt_0DCosmosCoreINTsIRQContext', ID = '286'
Method 'SystemVoidCosmosCoreINTsHandleInterrupt_0ECosmosCoreINTsIRQContext', ID = '287'
Method 'SystemVoidCosmosCoreINTsHandleInterrupt_0FCosmosCoreINTsIRQContext', ID = '288'
Method 'SystemVoidCosmosCoreINTsHandleInterrupt_10CosmosCoreINTsIRQContext', ID = '289'
Method 'SystemVoidCosmosCoreINTsHandleInterrupt_11CosmosCoreINTsIRQContext', ID = '290'
Method 'SystemVoidCosmosCoreINTsHandleInterrupt_12CosmosCoreINTsIRQContext', ID = '291'
Method 'SystemVoidCosmosCoreINTsHandleInterrupt_13CosmosCoreINTsIRQContext', ID = '292'
Method 'SystemVoidCosmosCoreINTsHandleInterrupt_20CosmosCoreINTsIRQContext', ID = '293'
Method 'SystemVoidCosmosCoreINTsHandleInterrupt_21CosmosCoreINTsIRQContext', ID = '294'
Method 'SystemVoidCosmosCoreINTsHandleInterrupt_22CosmosCoreINTsIRQContext', ID = '295'
Method 'SystemVoidCosmosCoreINTsHandleInterrupt_23CosmosCoreINTsIRQContext', ID = '296'
Method 'SystemVoidCosmosCoreINTsHandleInterrupt_24CosmosCoreINTsIRQContext', ID = '297'
Method 'SystemVoidCosmosCoreINTsHandleInterrupt_25CosmosCoreINTsIRQContext', ID = '298'
Method 'SystemVoidCosmosCoreINTsHandleInterrupt_26CosmosCoreINTsIRQContext', ID = '299'
Method 'SystemVoidCosmosCoreINTsHandleInterrupt_27CosmosCoreINTsIRQContext', ID = '300'
Method 'SystemVoidCosmosCoreINTsHandleInterrupt_28CosmosCoreINTsIRQContext', ID = '301'
Method 'SystemVoidCosmosCoreINTsHandleInterrupt_29CosmosCoreINTsIRQContext', ID = '302'
Method 'SystemVoidCosmosCoreINTsHandleInterrupt_2ACosmosCoreINTsIRQContext', ID = '303'
Method 'SystemVoidCosmosCoreINTsHandleInterrupt_2BCosmosCoreINTsIRQContext', ID = '304'
Method 'SystemVoidCosmosCoreINTsHandleInterrupt_2CCosmosCoreINTsIRQContext', ID = '305'
Method 'SystemVoidCosmosCoreINTsHandleInterrupt_2DCosmosCoreINTsIRQContext', ID = '306'
Method 'SystemVoidCosmosCoreINTsHandleInterrupt_2ECosmosCoreINTsIRQContext', ID = '307'
Method 'SystemVoidCosmosCoreINTsHandleInterrupt_2FCosmosCoreINTsIRQContext', ID = '308'
Method 'SystemVoidCosmosCoreINTsHandleInterrupt_30CosmosCoreINTsIRQContext', ID = '309'
Method 'SystemVoidCosmosCoreINTsHandleInterrupt_35CosmosCoreINTsIRQContext', ID = '310'
Method 'SystemVoidCosmosCoreINTsHandleInterrupt_40CosmosCoreINTsIRQContext', ID = '311'
Method 'SystemVoidCosmosCoreINTsHandleInterrupt_41CosmosCoreINTsIRQContext', ID = '312'
Method 'SystemVoidCosmosCoreINTsHandleInterrupt_42CosmosCoreINTsIRQContext', ID = '313'
Method 'SystemVoidCosmosCoreINTsHandleInterrupt_43CosmosCoreINTsIRQContext', ID = '314'
Method 'SystemVoidCosmosCoreINTsHandleInterrupt_44CosmosCoreINTsIRQContext', ID = '315'
Method 'SystemVoidCosmosCoreINTsHandleInterrupt_45CosmosCoreINTsIRQContext', ID = '316'
Method 'SystemVoidCosmosCoreINTsHandleInterrupt_46CosmosCoreINTsIRQContext', ID = '317'
Method 'SystemVoidCosmosCoreINTsHandleInterrupt_47CosmosCoreINTsIRQContext', ID = '318'
Method 'SystemVoidCosmosCoreINTsHandleInterrupt_48CosmosCoreINTsIRQContext', ID = '319'
Method 'SystemVoidCosmosCoreINTsHandleInterrupt_49CosmosCoreINTsIRQContext', ID = '320'
Method 'SystemVoidCosmosCoreIOGroupPICctorSystemBoolean', ID = '322'
Method 'SystemVoidCosmosCorePICRemapSystemByteSystemByteSystemByteSystemByte', ID = '323'
Method 'SystemVoidCosmosCore_AsmCPUImplUpdateIDTSystemBoolean', ID = '324'
Method 'SystemVoidCosmosCore_AsmCPUImplInitSSE', ID = '325'
Method 'SystemVoidCosmosCore_AsmCPUImplInitFloat', ID = '326'
Method 'SystemUInt32CosmosCore_AsmMultibootImplGetMBIAddress', ID = '328'
Method 'SystemVoidCosmosCoreIOGroupTextScreenctor', ID = '330'
Method 'SystemVoidCosmosHALTextScreenBasector', ID = '331'
Method 'SystemVoidCosmosSystem_PlugsSystemConsoleImplClear', ID = '340'
Method 'SystemVoidSystemCollectionsGenericList1anonymousTypeCosmosHALPCIDevicector', ID = '342'
Method 'SystemUInt16CosmosHALPCIDeviceGetHeaderTypeSystemUInt16SystemUInt16SystemUInt16', ID = '344'
Method 'SystemVoidCosmosHALPCICheckBusSystemUInt16', ID = '345'
Method 'SystemUInt16CosmosHALPCIDeviceGetVendorIDSystemUInt16SystemUInt16SystemUInt16', ID = '346'
Method 'SystemBooleanCosmosCoreACPIInit', ID = '348'
Method 'SystemVoidCosmosCoreACPIEnable', ID = '349'
Method 'SystemVoidCosmosHALPS2ControllerSendCommandCosmosHALPS2ControllerCommandSystemNullable1anonymousTypeSystemByte', ID = '352'
Method 'SystemByteCosmosHALPS2ControllerReadData', ID = '353'
Method 'SystemBooleanCosmosHALPS2ControllerWaitToReadData', ID = '354'
Method 'SystemVoidSystemNullable1anonymousTypeSystemBytectorSystemByte', ID = '355'
Method 'SystemBooleanCosmosHALPS2ControllerTestPortSystemByte', ID = '356'
Method 'SystemVoidCosmosHALPS2ControllerIdentifyDeviceSystemByteCosmosHALDevice', ID = '357'
Method 'SystemVoidCosmosHALBlockDeviceIDEInitializeCosmosHALBlockDeviceAtaControllerIdEnumCosmosHALBlockDeviceAtaBusPositionEnum', ID = '360'
Method 'SystemVoidCosmosHALBlockDeviceAHCIctorCosmosHALPCIDevice', ID = '363'
Method 'SystemVoidCosmosHALPITctor', ID = '368'
Method 'SystemVoidCosmosHALPS2Controllerctor', ID = '370'
Method 'SystemVoidCosmosCore_AsmCPUImplDoEnableInterrupts', ID = '371'
Method 'SystemStringCosmosSystem_PlugsSystemConsoleImplReadLine', ID = '372'
Method 'SystemBooleanSystemStringEqualsSystemStringSystemString', ID = '373'
Method 'SystemDoubleCosmosSystem_PlugsSystemDoubleImplParseSystemString', ID = '374'
Method 'SystemVoidCosmosSystem_PlugsSystemConsoleImplWriteLine', ID = '375'
Method 'SystemVoidCosmosSystem_PlugsSystemConsoleImplcctor', ID = '379'
Method 'SystemBooleanSystemStringIsNullOrEmptySystemString', ID = '381'
Method 'SystemVoidSystemStringFillStringCheckedSystemStringSystemInt32SystemString', ID = '384'
Method 'CosmosSystemConsoleCosmosSystem_PlugsSystemConsoleImplGetConsole', ID = '385'
Method 'SystemBytearraySystemTextEncodingGetBytesSystemString', ID = '387'
Method 'SystemVoidCosmosSystemConsoleWriteSystemBytearray', ID = '388'
Method 'SystemTypeCosmosCore_PlugsSystemObjectImplGetType', ID = '390'
Method 'SystemStringCosmosCommonStringHelperGetNumberStringSystemInt32', ID = '393'
Method 'SystemStringCosmosCommonStringHelperGetNumberStringSystemUInt32', ID = '396'
Method 'SystemStringCosmosCommonStringHelperGetNumberStringSystemDouble', ID = '399'
Method 'SystemVoidCosmosCore_PlugsSystemObjectImplcctor', ID = '401'
Method 'SystemVoidCosmosDebugKernelPlugsAsmDebuggerAsmDoSendNumberSystemUInt32', ID = '402'
Method 'SystemUInt32CosmosCore_AsmCPUImplGetEndOfKernel', ID = '403'
Method 'SystemVoidCosmosCore_AsmCPUImplZeroFillSystemUInt32SystemUInt32', ID = '404'
Method 'SystemVoidCosmosCoreMemoryOldHeapcctor', ID = '405'
Method 'SystemVoidCosmosCoreMemoryOldHeapDoInitializeSystemUInt32', ID = '409'
Method 'SystemVoidSystemSRcctor', ID = '414'
Method 'SystemStringCosmosSystem_PlugsSystemIntPtrImplToString', ID = '417'
Method 'SystemVoidCosmosCoreCPUctor', ID = '420'
Method 'SystemVoidCosmosCoreINTscctor', ID = '421'
Method 'CosmosCorePICCosmosCoreGlobalget_PIC', ID = '423'
Method 'SystemVoidCosmosCorePICEoiSlave', ID = '424'
Method 'SystemVoidCosmosCorePICEoiMaster', ID = '425'
Method 'SystemVoidCosmosCoreINTsHandleExceptionSystemUInt32SystemStringSystemStringCosmosCoreINTsIRQContextSystemUInt32', ID = '426'
Method 'SystemVoidCosmosCore_AsmDelegateImplInvoke', ID = '642'
Method 'SystemVoidCosmosCoreINTsIRQSystemUInt32CosmosCoreINTsIRQContext', ID = '430'
Method 'SystemVoidCosmosCoreIOPortctorSystemUInt16', ID = '433'
Method 'SystemVoidCosmosCoreIOGroupIOGroupctor', ID = '434'
Method 'SystemByteCosmosCoreIOPortget_Byte', ID = '436'
Method 'SystemVoidCosmosCoreIOPortset_ByteSystemByte', ID = '437'
Method 'SystemVoidCosmosCoreIOPortWait', ID = '438'
Method 'SystemVoidCosmosCoreMemoryBlockctorSystemUInt32SystemUInt32', ID = '441'
Method 'SystemVoidCosmosHALDevicector', ID = '442'
Method 'SystemVoidCosmosHALTextScreenSetColorsSystemConsoleColorSystemConsoleColor', ID = '445'
Method 'SystemUInt16CosmosHALTextScreenget_Cols', ID = '447'
Method 'SystemUInt16CosmosHALTextScreenget_Rows', ID = '448'
Method 'SystemVoidCosmosHALTextScreenSetCursorSizeSystemInt32', ID = '449'
Method 'SystemVoidCosmosHALTextScreenSetCursorVisibleSystemBoolean', ID = '450'
Method 'SystemVoidCosmosCoreGlobalcctor', ID = '451'
Method 'SystemVoidCosmosSystemConsoleClear', ID = '452'
Method 'SystemUInt32CosmosHALPCIDeviceGetAddressBaseSystemUInt32SystemUInt32SystemUInt32', ID = '456'
Method 'SystemVoidCosmosCoreIOPortset_DWordSystemUInt32', ID = '459'
Method 'SystemUInt32CosmosCoreIOPortget_DWord', ID = '460'
Method 'SystemVoidCosmosHALPCIDevicectorSystemUInt32SystemUInt32SystemUInt32', ID = '461'
Method 'SystemVoidCosmosHALPCICheckFunctionCosmosHALPCIDevice', ID = '462'
Method 'SystemVoidCosmosCoreACPIcctor', ID = '463'
Method 'SystemUInt32CosmosCoreACPIRSDPAddress', ID = '464'
Method 'SystemInt32CosmosCoreACPIacpiCheckHeaderSystemBytepointerSystemString', ID = '465'
Method 'SystemInt32pointerCosmosCoreACPIfacpgetSystemInt32', ID = '467'
Method 'SystemInt32CosmosCoreACPICompareSystemStringSystemBytepointer', ID = '468'
Method 'SystemByteCosmosCoreACPIfacpbgetSystemInt32', ID = '472'
Method 'SystemStringSystemNullable1anonymousTypeSystemByteToString', ID = '483'
Method 'SystemBooleanCosmosHALPS2ControllerWaitToWrite', ID = '485'
Method 'SystemVoidCosmosCoreIOPortWriteset_ByteSystemByte', ID = '487'
Method 'SystemBooleanSystemNullable1anonymousTypeSystemByteget_HasValue', ID = '488'
Method 'SystemByteSystemNullable1anonymousTypeSystemByteget_Value', ID = '489'
Method 'SystemByteCosmosCoreIOPortReadget_Byte', ID = '490'
Method 'SystemStringCosmosCommonExtensionsToHexStringToHexSystemByte', ID = '492'
Method 'SystemStringSystemStringConcatSystemStringSystemStringSystemStringSystemString', ID = '493'
Method 'SystemStringSystemStringConcatSystemStringarray', ID = '494'
Method 'SystemStringSystemStringConcatSystemStringSystemStringSystemString', ID = '495'
Method 'SystemVoidCosmosHALPS2ControllerSendDeviceCommandCosmosHALPS2ControllerDeviceCommandSystemBooleanSystemNullable1anonymousTypeSystemByte', ID = '497'
Method 'SystemBooleanCosmosHALPS2ControllerReadByteAfterAckWithTimeoutSystemByte', ID = '498'
Method 'SystemVoidCosmosHALPS2MousectorSystemByteSystemByte', ID = '499'
Method 'SystemBooleanCosmosHALPS2ControllerReadDataWithTimeoutSystemByte', ID = '501'
Method 'SystemVoidCosmosHALPS2KeyboardctorSystemByte', ID = '502'
Method 'SystemVoidCosmosHALBlockDeviceIDEcctor', ID = '504'
Method 'SystemVoidCosmosHALBlockDeviceAtaPioctorCosmosCoreIOGroupATACosmosHALBlockDeviceAtaControllerIdEnumCosmosHALBlockDeviceAtaBusPositionEnum', ID = '509'
Method 'CosmosHALBlockDeviceAtaPioSpecLevelCosmosHALBlockDeviceAtaPioget_DriveType', ID = '510'
Method 'SystemVoidSystemCollectionsGenericList1anonymousTypeCosmosHALBlockDeviceBlockDeviceAddCosmosHALBlockDeviceBlockDevice', ID = '513'
Method 'SystemBooleanCosmosHALBlockDeviceGPTIsGPTPartitionCosmosHALBlockDeviceBlockDevice', ID = '516'
Method 'SystemVoidCosmosHALBlockDeviceGPTctorCosmosHALBlockDeviceBlockDevice', ID = '517'
Method 'SystemInt32SystemCollectionsGenericList1anonymousTypeCosmosHALBlockDeviceGPTGPartInfoget_Count', ID = '519'
Method 'SystemVoidCosmosDebugKernelDebuggerSendNumberSystemInt32', ID = '520'
Method 'CosmosHALBlockDeviceGPTGPartInfoSystemCollectionsGenericList1anonymousTypeCosmosHALBlockDeviceGPTGPartInfoget_ItemSystemInt32', ID = '521'
Method 'SystemVoidCosmosHALBlockDevicePartitionctorCosmosHALBlockDeviceBlockDeviceSystemUInt64SystemUInt64', ID = '523'
Method 'SystemVoidCosmosHALBlockDeviceMBRctorSystemBytearray', ID = '525'
Method 'SystemVoidCosmosHALBlockDeviceEBRctorSystemBytearray', ID = '527'
Method 'SystemInt32SystemCollectionsGenericList1anonymousTypeCosmosHALBlockDeviceEBRPartInfoget_Count', ID = '529'
Method 'SystemInt32SystemCollectionsGenericList1anonymousTypeCosmosHALBlockDeviceMBRPartInfoget_Count', ID = '530'
Method 'CosmosHALBlockDeviceMBRPartInfoSystemCollectionsGenericList1anonymousTypeCosmosHALBlockDeviceMBRPartInfoget_ItemSystemInt32', ID = '531'
Method 'SystemVoidCosmosHALBlockDeviceAHCIcctor', ID = '533'
Method 'SystemVoidCosmosHALPCIDeviceEnableBusMasterSystemBoolean', ID = '534'
Method 'SystemVoidCosmosHALPCIDeviceEnableMemorySystemBoolean', ID = '535'
Method 'SystemUInt32CosmosHALPCIBaseAddressBarget_BaseAddress', ID = '536'
Method 'SystemVoidCosmosHALBlockDeviceRegistersGenericRegistersctorSystemUInt32', ID = '538'
Method 'SystemUInt32CosmosHALBlockDeviceRegistersGenericRegistersget_GlobalHostControl', ID = '540'
Method 'SystemVoidCosmosHALBlockDeviceRegistersGenericRegistersset_GlobalHostControlSystemUInt32', ID = '541'
Method 'SystemVoidCosmosHALBlockDeviceAHCIGetCapabilities', ID = '542'
Method 'SystemVoidSystemCollectionsGenericList1anonymousTypeCosmosHALBlockDevicePortsStoragePortset_CapacitySystemInt32', ID = '545'
Method 'SystemVoidCosmosHALBlockDeviceAHCIGetPorts', ID = '546'
Method 'SystemCollectionsGenericList1EnumeratoranonymousTypeCosmosHALBlockDevicePortsStoragePortSystemCollectionsGenericList1anonymousTypeCosmosHALBlockDevicePortsStoragePortGetEnumerator', ID = '547'
Method 'CosmosHALBlockDevicePortsStoragePortSystemCollectionsGenericList1EnumeratoranonymousTypeCosmosHALBlockDevicePortsStoragePortget_Current', ID = '548'
Method 'SystemBooleanSystemCollectionsGenericList1EnumeratoranonymousTypeCosmosHALBlockDevicePortsStoragePortMoveNext', ID = '555'
Method 'SystemVoidCosmosSystemKeyboardManagercctor', ID = '558'
Method 'SystemVoidSystemCollectionsGenericList1anonymousTypeCosmosHALPITPITTimerctor', ID = '560'
Method 'SystemVoidCosmosHALPITHandleIRQCosmosCoreINTsIRQContext', ID = '561'
Method 'SystemVoidCosmosCore_AsmDelegateImplCtorSystemObjectSystemIntPtr', ID = '802'
Method 'SystemVoidCosmosCoreINTsSetIrqHandlerSystemByteCosmosCoreINTsIRQDelegate', ID = '563'
Method 'SystemVoidCosmosHALPITset_T0CountdownSystemUInt16', ID = '564'
Method 'SystemVoidSystemCollectionsGenericList1anonymousTypeSystemCharctorSystemInt32', ID = '565'
Method 'CosmosSystemConsoleKeyExCosmosSystemKeyEventget_Key', ID = '566'
Method 'SystemInt32CosmosSystemConsoleget_X', ID = '567'
Method 'SystemVoidSystemCollectionsGenericList1anonymousTypeSystemCharRemoveAtSystemInt32', ID = '568'
Method 'SystemVoidCosmosSystemConsoleset_XSystemInt32', ID = '569'
Method 'SystemCharSystemCollectionsGenericList1anonymousTypeSystemCharget_ItemSystemInt32', ID = '570'
Method 'SystemVoidCosmosSystem_PlugsSystemConsoleImplWriteSystemChar', ID = '571'
Method 'SystemInt32SystemCollectionsGenericList1anonymousTypeSystemCharget_Count', ID = '572'
Method 'SystemCharCosmosSystemKeyEventget_KeyChar', ID = '573'
Method 'SystemVoidSystemCollectionsGenericList1anonymousTypeSystemCharAddSystemChar', ID = '574'
Method 'SystemVoidSystemCollectionsGenericList1anonymousTypeSystemCharctor', ID = '575'
Method 'CosmosSystemKeyEventCosmosSystemKeyboardManagerReadKey', ID = '576'
Method 'SystemChararraySystemCollectionsGenericList1anonymousTypeSystemCharToArray', ID = '577'
Method 'SystemVoidSystemArgumentNullExceptionctorSystemString', ID = '580'
Method 'SystemStringSystemStringSubstringSystemInt32', ID = '581'
Method 'SystemVoidSystemFormatExceptionctor', ID = '583'
Method 'SystemVoidSystemCollectionsGenericList1anonymousTypeSystemInt32ctor', ID = '584'
Method 'SystemStringSystemCharToString', ID = '585'
Method 'SystemVoidSystemCollectionsGenericList1anonymousTypeSystemInt32AddSystemInt32', ID = '587'
Method 'SystemInt32SystemCollectionsGenericList1anonymousTypeSystemInt32get_ItemSystemInt32', ID = '588'
Method 'SystemInt32SystemCollectionsGenericList1anonymousTypeSystemInt32get_Count', ID = '589'
Method 'SystemTextEncodingSystemTextEncodingget_ASCII', ID = '593'
Method 'SystemInt32CosmosCore_PlugsSystemStringImplget_LengthSystemInt32', ID = '597'
Method 'SystemStringCosmosCore_PlugsSystemStringImplFastAllocateStringSystemInt32', ID = '598'
Method 'SystemVoidSystemStringwstrcpySystemCharpointerSystemCharpointerSystemInt32', ID = '599'
Method 'SystemStringSystemSRget_ArgumentNull_String', ID = '602'
Method 'SystemVoidSystemArgumentNullExceptionctorSystemStringSystemString', ID = '603'
Method 'SystemInt32SystemTextEncodingGetByteCountSystemString', ID = '604'
Method 'SystemInt32SystemTextEncodingGetBytesSystemStringSystemInt32SystemInt32SystemBytearraySystemInt32', ID = '605'
Method 'SystemVoidCosmosSystemConsoleDoLineFeed', ID = '606'
Method 'SystemVoidCosmosSystemConsoleDoCarriageReturn', ID = '607'
Method 'SystemVoidCosmosSystemConsoleDoTab', ID = '608'
Method 'SystemVoidCosmosSystemConsoleWriteSystemByte', ID = '609'
Method 'SystemStringSystemTypeToString', ID = '612'
Method 'SystemVoidCosmosCoreCosmosRuntimeTypectorSystemUInt32', ID = '616'
Method 'SystemInt64SystemBitConverterDoubleToInt64BitsSystemDouble', ID = '618'
Method 'SystemStringSystemStringSubstringSystemInt32SystemInt32', ID = '621'
Method 'SystemStringSystemArgumentOutOfRangeExceptionget_Message', ID = '622'
Method 'SystemStringSystemArgumentExceptionget_Message', ID = '623'
Method 'SystemStringCosmosCore_PlugsSystemExceptionImplget_Message', ID = '624'
Method 'SystemVoidCosmosCore_AsmCPUImplDoDisableInterrupts', ID = '625'
Method 'SystemUInt32CosmosCore_AsmCPUImplGetAmountOfRAM', ID = '626'
Method 'SystemStringCosmosCore_PlugsSystemSRImplInternalGetResourceStringSystemString', ID = '630'
Method 'SystemBooleanCosmosCore_PlugsSystemStringImplEqualsSystemStringSystemStringComparison', ID = '632'
Method 'SystemVoidSystemBitConvertercctor', ID = '637'
Method 'SystemVoidCosmosCoreINTsPutErrorCharSystemInt32SystemInt32SystemChar', ID = '640'
Method 'SystemVoidCosmosCoreINTsPutErrorStringSystemInt32SystemInt32SystemString', ID = '641'
Method 'SystemVoidCosmosCoreIOPortBasectorSystemUInt16', ID = '644'
Method 'SystemVoidCosmosCoreMemoryBlock08ctorSystemUInt32SystemUInt32', ID = '650'
Method 'SystemVoidCosmosCoreMemoryBlock16ctorSystemUInt32SystemUInt32', ID = '651'
Method 'SystemVoidCosmosCoreMemoryBlock32ctorSystemUInt32SystemUInt32', ID = '652'
Method 'SystemVoidCosmosCoreBaseIOGroupsctor', ID = '659'
Method 'SystemVoidCosmosSystemConsoleUpdateCursor', ID = '661'
Method 'SystemVoidSystemCollectionsGenericList1anonymousTypeCosmosHALPCIDevicecctor', ID = '662'
Method 'SystemVoidCosmosHALPCIDevicecctor', ID = '668'
Method 'SystemUInt16CosmosHALPCIDeviceReadRegister16SystemByte', ID = '671'
Method 'SystemByteCosmosHALPCIDeviceReadRegister8SystemByte', ID = '672'
Method 'SystemVoidCosmosHALPCIDeviceset_InterruptLineSystemByte', ID = '673'
Method 'SystemUInt32CosmosHALPCIDeviceReadRegister32SystemByte', ID = '675'
Method 'SystemVoidCosmosHALPCIBaseAddressBarctorSystemUInt32', ID = '676'
Method 'SystemVoidSystemCollectionsGenericList1anonymousTypeCosmosHALPCIDeviceAddCosmosHALPCIDevice', ID = '677'
Method 'SystemBooleanCosmosCoreACPICheck_RSDSystemUInt32', ID = '679'
Method 'SystemVoidSystemThrowHelperThrowInvalidOperationExceptionSystemExceptionResource', ID = '683'
Method 'SystemStringCosmosSystem_PlugsSystemByteImplToString', ID = '685'
Method 'SystemStringCosmosCommonExtensionsToHexStringConvertToHexSystemUInt32SystemInt32', ID = '687'
Method 'SystemObjectSystemArrayClone', ID = '690'
Method 'SystemBooleanCosmosHALPS2ControllerWaitForAck', ID = '692'
Method 'SystemVoidCosmosHALMouseBasector', ID = '695'
Method 'SystemVoidCosmosHALPS2MouseInitialize', ID = '697'
Method 'SystemVoidCosmosHALKeyboardBasector', ID = '699'
Method 'SystemVoidCosmosHALPS2KeyboardInitialize', ID = '701'
Method 'CosmosHALPCIDeviceCosmosHALPCIGetDeviceClassCosmosHALClassIDCosmosHALSubclassID', ID = '702'
Method 'SystemVoidCosmosCoreBaseIOGroupscctor', ID = '703'
Method 'SystemVoidCosmosHALBlockDeviceAtactor', ID = '706'
Method 'CosmosHALBlockDeviceAtaPioSpecLevelCosmosHALBlockDeviceAtaPioDiscoverDrive', ID = '707'
Method 'SystemVoidCosmosHALBlockDeviceAtaPioInitDrive', ID = '708'
Method 'SystemVoidCosmosHALBlockDeviceBlockDevicecctor', ID = '710'
Method 'SystemVoidSystemCollectionsGenericList1anonymousTypeCosmosHALBlockDeviceBlockDeviceAddWithResizeCosmosHALBlockDeviceBlockDevice', ID = '712'
Method 'SystemVoidCosmosHALBlockDeviceAtacctor', ID = '713'
Method 'SystemStringCosmosHALBlockDeviceAtaToString', ID = '714'
Method 'SystemUInt64SystemBitConverterToUInt64SystemBytearraySystemInt32', ID = '715'
Method 'SystemVoidSystemCollectionsGenericList1anonymousTypeCosmosHALBlockDeviceGPTGPartInfoctor', ID = '716'
Method 'SystemUInt32SystemBitConverterToUInt32SystemBytearraySystemInt32', ID = '717'
Method 'SystemVoidCosmosHALBlockDeviceGPTParseParitionSystemBytearraySystemUInt32', ID = '718'
Method 'SystemVoidSystemThrowHelperThrowArgumentOutOfRange_IndexException', ID = '721'
Method 'SystemVoidCosmosHALBlockDeviceBlockDevicector', ID = '724'
Method 'SystemUInt64CosmosHALBlockDeviceBlockDeviceget_BlockSize', ID = '725'
Method 'SystemVoidCosmosHALBlockDeviceAtaPioReadBlockSystemUInt64SystemUInt64SystemBytearray', ID = '727'
Method 'SystemVoidCosmosHALBlockDevicePartitionReadBlockSystemUInt64SystemUInt64SystemBytearray', ID = '728'
Method 'SystemVoidSystemCollectionsGenericList1anonymousTypeCosmosHALBlockDeviceMBRPartInfoctor', ID = '729'
Method 'SystemVoidCosmosHALBlockDeviceMBRParsePartitionSystemBytearraySystemUInt32', ID = '730'
Method 'SystemVoidSystemCollectionsGenericList1anonymousTypeCosmosHALBlockDeviceEBRPartInfoctor', ID = '731'
Method 'SystemVoidCosmosHALBlockDeviceEBRParsePartitionSystemBytearraySystemUInt32', ID = '732'
Method 'CosmosHALPCIDeviceCosmosHALPCIGetDeviceClassCosmosHALClassIDCosmosHALSubclassIDCosmosHALProgramIF', ID = '735'
Method 'SystemVoidSystemCollectionsGenericList1anonymousTypeCosmosHALBlockDevicePortsStoragePortctor', ID = '736'
Method 'SystemVoidCosmosHALPCIDeviceWriteRegister16SystemByteSystemUInt16', ID = '737'
Method 'SystemUInt32CosmosCoreMemoryBlockget_ItemSystemUInt32', ID = '739'
Method 'SystemVoidCosmosCoreMemoryBlockset_ItemSystemUInt32SystemUInt32', ID = '740'
Method 'SystemUInt32CosmosHALBlockDeviceRegistersGenericRegistersget_Capabilities', ID = '741'
Method 'SystemVoidSystemThrowHelperThrowArgumentOutOfRangeExceptionSystemExceptionArgumentSystemExceptionResource', ID = '762'
Method 'SystemVoidSystemArrayCopySystemArraySystemInt32SystemArraySystemInt32SystemInt32', ID = '764'
Method 'SystemUInt32CosmosHALBlockDeviceRegistersGenericRegistersget_ImplementedPorts', ID = '766'
Method 'SystemVoidCosmosHALBlockDeviceRegistersPortRegistersctorSystemUInt32SystemUInt32', ID = '767'
Method 'CosmosHALBlockDeviceRegistersPortTypeCosmosHALBlockDeviceAHCICheckPortTypeCosmosHALBlockDeviceRegistersPortRegisters', ID = '768'
Method 'SystemStringSystemStringPadLeftSystemInt32SystemChar', ID = '770'
Method 'SystemVoidCosmosHALBlockDeviceAHCIPortRebaseCosmosHALBlockDeviceRegistersPortRegistersSystemUInt32', ID = '771'
Method 'SystemVoidCosmosHALBlockDevicePortsSATActorCosmosHALBlockDeviceRegistersPortRegisters', ID = '772'
Method 'SystemVoidSystemCollectionsGenericList1anonymousTypeCosmosHALBlockDevicePortsStoragePortAddCosmosHALBlockDevicePortsStoragePort', ID = '773'
Method 'SystemVoidSystemCollectionsGenericList1EnumeratoranonymousTypeCosmosHALBlockDevicePortsStoragePortctorSystemCollectionsGenericList1anonymousTypeCosmosHALBlockDevicePortsStoragePort', ID = '774'
Method 'SystemStringCosmosCore_PlugsSystemStringImplFormatSystemStringSystemObjectSystemObject', ID = '776'
Method 'SystemStringCosmosCore_PlugsSystemStringImplFormatSystemStringSystemObject', ID = '777'
Method 'SystemBooleanSystemCollectionsGenericList1EnumeratoranonymousTypeCosmosHALBlockDevicePortsStoragePortMoveNextRare', ID = '778'
Method 'SystemVoidSystemCollectionsGenericList1EnumeratoranonymousTypeCosmosHALBlockDevicePortsStoragePortDispose', ID = '782'
Method 'SystemVoidSystemCollectionsGenericList1anonymousTypeCosmosHALKeyboardBasector', ID = '783'
Method 'SystemVoidCosmosSystemScanMapsUS_Standardctor', ID = '785'
Method 'SystemVoidSystemCollectionsGenericQueue1anonymousTypeCosmosSystemKeyEventctor', ID = '787'
Method 'SystemCollectionsGenericIEnumerable1anonymousTypeCosmosHALKeyboardBaseCosmosHALGlobalGetKeyboardDevices', ID = '789'
Method 'SystemVoidCosmosSystemKeyboardManagerAddKeyboardCosmosHALKeyboardBase', ID = '792'
Method 'SystemUInt32CosmosHALPITget_T0DelyNS', ID = '796'
Method 'SystemInt32SystemCollectionsGenericList1anonymousTypeCosmosHALPITPITTimerget_Count', ID = '797'
Method 'CosmosHALPITPITTimerSystemCollectionsGenericList1anonymousTypeCosmosHALPITPITTimerget_ItemSystemInt32', ID = '798'
Method 'SystemVoidSystemCollectionsGenericList1anonymousTypeCosmosHALPITPITTimerRemoveAtSystemInt32', ID = '800'
Method 'SystemVoidCosmosCore_AsmDelegateImplInvoke', ID = '642'
Method 'SystemVoidCosmosCoreINTsSetIntHandlerSystemByteCosmosCoreINTsIRQDelegate', ID = '803'
Method 'SystemVoidSystemCollectionsGenericList1anonymousTypeSystemCharAddWithResizeSystemChar', ID = '811'
Method 'SystemVoidCosmosHALKeyboardBaseWaitForKey', ID = '812'
Method 'SystemInt32SystemCollectionsGenericQueue1anonymousTypeCosmosSystemKeyEventget_Count', ID = '813'
Method 'CosmosSystemKeyEventSystemCollectionsGenericQueue1anonymousTypeCosmosSystemKeyEventDequeue', ID = '814'
Method 'SystemVoidCosmosCore_PlugsSystemStringImplCtorSystemChararraySystemStringSystemInt32SystemCharpointer', ID = '816'
Method 'SystemBooleanCosmosCore_PlugsSystemStringImplEqualsHelperSystemStringSystemString', ID = '817'
Method 'SystemStringSystemSRget_ArgumentNull_Generic', ID = '819'
Method 'SystemCharCosmosCore_PlugsSystemStringImplget_CharsSystemInt32SystemCharpointer', ID = '820'
Method 'SystemStringSystemSRget_Arg_FormatException', ID = '822'
Method 'SystemStringSystemCharToStringSystemChar', ID = '825'
Method 'SystemInt32CosmosSystem_PlugsSystemInt32ImplParseSystemString', ID = '826'
Method 'SystemVoidSystemCollectionsGenericList1anonymousTypeSystemInt32AddWithResizeSystemInt32', ID = '827'
Method 'SystemDoubleCosmosSystem_PlugsSystemMathImplPowSystemDoubleSystemDouble', ID = '829'
Method 'SystemVoidCosmosCore_PlugsSystemEnvironmentImplCCtor', ID = '832'
Method 'SystemVoidSystemBufferMemcpySystemBytepointerSystemBytepointerSystemInt32', ID = '835'
Method 'SystemVoidSystemTextEncodingcctor', ID = '836'
Method 'SystemInt32SystemTextASCIIEncodingGetByteCountSystemString', ID = '842'
Method 'SystemInt32SystemTextASCIIEncodingGetBytesSystemStringSystemInt32SystemInt32SystemBytearraySystemInt32', ID = '844'
Method 'SystemVoidCosmosCore_PlugsSystemTypeImplCCtor', ID = '848'
Method 'SystemVoidCosmosCoreCosmosRuntimeTypector', ID = '851'
Method 'SystemVoidCosmosCommonStringHelpercctor', ID = '852'
Method 'SystemStringCosmosSystem_PlugsSystemUInt64ImplToString', ID = '853'
Method 'SystemChararrayCosmosCore_PlugsSystemStringImplToCharArray', ID = '854'
Method 'SystemStringSystemSRget_ArgumentOutOfRange_StartIndex', ID = '855'
Method 'SystemVoidSystemArgumentOutOfRangeExceptionctorSystemStringSystemString', ID = '856'
Method 'SystemStringSystemSRget_ArgumentOutOfRange_StartIndexLargerThanLength', ID = '857'
Method 'SystemStringSystemSRget_ArgumentOutOfRange_NegativeLength', ID = '858'
Method 'SystemStringSystemSRget_ArgumentOutOfRange_IndexLength', ID = '859'
Method 'SystemStringSystemStringInternalSubStringSystemInt32SystemInt32', ID = '860'
Method 'SystemStringSystemSRget_ArgumentOutOfRange_ActualValue', ID = '861'
Method 'SystemStringSystemSRFormatSystemStringSystemObject', ID = '862'
Method 'SystemStringSystemSRget_Arg_ParamName_Name', ID = '863'
Method 'SystemStringSystemStringToLower', ID = '865'
Method 'SystemStringCosmosSystem_PlugsSystemInt64ImplToString', ID = '866'
Method 'SystemVoidSystemNotImplementedExceptionctor', ID = '869'
Method 'SystemByteCosmosCore_AsmIOPortImplRead8SystemUInt16', ID = '870'
Method 'SystemVoidCosmosCore_AsmIOPortImplWrite8SystemUInt16SystemByte', ID = '871'
Method 'SystemStringCosmosSystem_PlugsSystemEnumImplToString', ID = '875'
Method 'SystemStringCosmosSystem_PlugsSystemUInt16ImplToString', ID = '876'
Method 'SystemVoidCosmosCoreIOGroupPS2Controllerctor', ID = '877'
Method 'SystemVoidCosmosCoreIOGroupPITctor', ID = '878'
Method 'SystemVoidCosmosCoreIOGroupATActorSystemBoolean', ID = '879'
Method 'SystemVoidCosmosCoreIOGroupRTCctor', ID = '880'
Method 'SystemVoidCosmosCoreIOGroupVBEIOGroupctor', ID = '881'
Method 'SystemVoidCosmosHALTextScreenClear', ID = '882'
Method 'SystemVoidCosmosCoreIOGroupPCIctor', ID = '884'
Method 'SystemVoidCosmosCore_AsmIOPortImplWrite32SystemUInt16SystemUInt32', ID = '885'
Method 'SystemUInt32CosmosCore_AsmIOPortImplRead32SystemUInt16', ID = '886'
Method 'SystemVoidSystemCollectionsGenericList1anonymousTypeCosmosHALPCIDeviceAddWithResizeCosmosHALPCIDevice', ID = '887'
Method 'SystemInvalidOperationExceptionSystemThrowHelperGetInvalidOperationExceptionSystemExceptionResource', ID = '890'
Method 'SystemStringCosmosCommonExtensionsToHexStringConvertToHexSystemUInt32', ID = '892'
Method 'SystemVoidCosmosCore_PlugsSystemOutOfMemoryExceptionImplCtor', ID = '899'
Method 'SystemVoidCosmosHALPS2Mousecctor', ID = '901'
Method 'SystemVoidCosmosHALPS2MouseSendCommandCosmosHALPS2MouseCommandSystemNullable1anonymousTypeSystemByte', ID = '902'
Method 'SystemBooleanCosmosHALPS2ControllerWaitForDeviceReset', ID = '903'
Method 'SystemByteCosmosHALPS2MouseTryToEnableScrollWheel', ID = '904'
Method 'SystemByteCosmosHALPS2MouseTryToEnableAdditionalButtons', ID = '905'
Method 'SystemVoidCosmosHALPS2MouseHandleMouseCosmosCoreINTsIRQContext', ID = '906'
Method 'SystemVoidCosmosHALPS2KeyboardSendCommandCosmosHALPS2KeyboardCommandSystemNullable1anonymousTypeSystemByte', ID = '907'
Method 'SystemVoidCosmosHALPS2KeyboardHandleIRQCosmosCoreINTsIRQContext', ID = '908'
Method 'SystemCollectionsGenericList1EnumeratoranonymousTypeCosmosHALPCIDeviceSystemCollectionsGenericList1anonymousTypeCosmosHALPCIDeviceGetEnumerator', ID = '912'
Method 'CosmosHALPCIDeviceSystemCollectionsGenericList1EnumeratoranonymousTypeCosmosHALPCIDeviceget_Current', ID = '913'
Method 'SystemBooleanSystemCollectionsGenericList1EnumeratoranonymousTypeCosmosHALPCIDeviceMoveNext', ID = '914'
Method 'SystemVoidCosmosCoreIOGroupPCSpeakerctor', ID = '916'
Method 'SystemVoidCosmosHALBlockDeviceAtaPiocctor', ID = '918'
Method 'SystemStringCosmosHALBlockDeviceAtaPioToString', ID = '919'
Method 'SystemVoidCosmosHALBlockDeviceAtaPioSelectDriveSystemByte', ID = '920'
Method 'CosmosHALBlockDeviceAtaPioStatusCosmosHALBlockDeviceAtaPioSendCmdCosmosHALBlockDeviceAtaPioCmdSystemBoolean', ID = '921'
Method 'CosmosHALBlockDeviceAtaPioStatusCosmosHALBlockDeviceAtaPioSendCmdCosmosHALBlockDeviceAtaPioCmd', ID = '922'
Method 'SystemVoidCosmosCoreIOPortBaseRead16SystemUInt16array', ID = '923'
Method 'SystemStringCosmosHALBlockDeviceAtaPioGetStringSystemUInt16arraySystemInt32SystemInt32', ID = '924'
Method 'SystemVoidSystemCollectionsGenericList1anonymousTypeCosmosHALBlockDeviceBlockDevicector', ID = '925'
Method 'SystemVoidSystemCollectionsGenericList1anonymousTypeCosmosHALBlockDeviceBlockDevicecctor', ID = '926'
Method 'SystemVoidSystemCollectionsGenericList1anonymousTypeCosmosHALBlockDeviceBlockDeviceEnsureCapacitySystemInt32', ID = '932'
Method 'SystemInt64SystemBitConverterReadInt64SystemBytearraySystemInt32', ID = '933'
Method 'SystemInt32SystemBitConverterReadInt32SystemBytearraySystemInt32', ID = '935'
Method 'SystemVoidSystemArrayCopySystemArraySystemInt64SystemArraySystemInt64SystemInt64', ID = '936'
Method 'SystemVoidSystemGuidctorSystemBytearray', ID = '937'
Method 'SystemBooleanSystemGuidop_InequalitySystemGuidSystemGuid', ID = '940'
Method 'SystemVoidCosmosHALBlockDeviceGPTGPartInfoctorSystemGuidSystemGuidSystemUInt64SystemUInt64', ID = '941'
Method 'SystemVoidSystemCollectionsGenericList1anonymousTypeCosmosHALBlockDeviceGPTGPartInfoAddCosmosHALBlockDeviceGPTGPartInfo', ID = '942'
Method 'SystemVoidSystemCollectionsGenericList1anonymousTypeCosmosHALBlockDeviceGPTGPartInfocctor', ID = '943'
Method 'SystemVoidCosmosDebugKernelPlugsAsmDebuggerAsmDoSendNumberSystemInt32', ID = '949'
Method 'SystemArgumentOutOfRangeExceptionSystemThrowHelperGetArgumentOutOfRangeExceptionSystemExceptionArgumentSystemExceptionResource', ID = '950'
Method 'SystemStringCosmosHALBlockDevicePartitionToString', ID = '953'
Method 'SystemVoidCosmosHALBlockDeviceBlockDeviceCheckDataSizeSystemBytearraySystemUInt64', ID = '954'
Method 'SystemVoidCosmosHALBlockDeviceAtaPioSelectSectorSystemUInt64SystemUInt64', ID = '955'
Method 'SystemVoidCosmosCoreIOPortBaseRead8SystemBytearray', ID = '956'
Method 'SystemVoidCosmosHALBlockDeviceBlockDeviceCheckBlockNoSystemUInt64SystemUInt64', ID = '957'
Method 'SystemVoidCosmosHALBlockDeviceMBRPartInfoctorSystemByteSystemUInt32SystemUInt32', ID = '959'
Method 'SystemVoidSystemCollectionsGenericList1anonymousTypeCosmosHALBlockDeviceMBRPartInfoAddCosmosHALBlockDeviceMBRPartInfo', ID = '960'
Method 'SystemVoidCosmosHALBlockDeviceEBRPartInfoctorSystemByteSystemUInt32SystemUInt32', ID = '962'
Method 'SystemVoidSystemCollectionsGenericList1anonymousTypeCosmosHALBlockDeviceEBRPartInfoAddCosmosHALBlockDeviceEBRPartInfo', ID = '963'
Method 'SystemVoidSystemCollectionsGenericList1anonymousTypeCosmosHALBlockDeviceEBRPartInfocctor', ID = '964'
Method 'SystemVoidSystemCollectionsGenericList1anonymousTypeCosmosHALBlockDeviceMBRPartInfocctor', ID = '970'
Method 'SystemVoidCosmosCoreIOPortset_WordSystemUInt16', ID = '977'
Method 'SystemVoidSystemCollectionsGenericList1anonymousTypeCosmosHALBlockDevicePortsStoragePortcctor', ID = '978'
Method 'SystemUInt32CosmosHALBlockDeviceRegistersPortRegistersget_SSTS', ID = '986'
Method 'SystemUInt32CosmosHALBlockDeviceRegistersPortRegistersget_SIG', ID = '987'
Method 'SystemStringSystemSRget_ArgumentOutOfRange_NeedNonNegNum', ID = '988'
Method 'SystemBooleanCosmosHALBlockDeviceAHCIStopCMDCosmosHALBlockDeviceRegistersPortRegisters', ID = '989'
Method 'SystemVoidCosmosHALBlockDevicePortsSATAPortResetCosmosHALBlockDeviceRegistersPortRegisters', ID = '990'
Method 'SystemVoidCosmosHALBlockDeviceRegistersPortRegistersset_CLBSystemUInt32', ID = '991'
Method 'SystemVoidCosmosHALBlockDeviceRegistersPortRegistersset_FBSystemUInt32', ID = '992'
Method 'SystemVoidCosmosHALBlockDeviceRegistersPortRegistersset_SERRSystemUInt32', ID = '993'
Method 'SystemVoidCosmosHALBlockDeviceRegistersPortRegistersset_ISSystemUInt32', ID = '994'
Method 'SystemVoidCosmosHALBlockDeviceRegistersPortRegistersset_IESystemUInt32', ID = '995'
Method 'SystemUInt32CosmosHALBlockDeviceRegistersPortRegistersget_CLB', ID = '996'
Method 'SystemVoidCosmosCoreMemoryBlockFillSystemByte', ID = '997'
Method 'SystemUInt32CosmosHALBlockDeviceRegistersPortRegistersget_FB', ID = '998'
Method 'CosmosHALBlockDeviceRegistersHBACommandHeaderarrayCosmosHALBlockDeviceAHCIGetCommandHeaderCosmosHALBlockDeviceRegistersPortRegisters', ID = '999'
Method 'SystemBooleanCosmosHALBlockDeviceAHCIStartCMDCosmosHALBlockDeviceRegistersPortRegisters', ID = '1000'
Method 'SystemVoidCosmosHALBlockDevicePortsStoragePortctor', ID = '1002'
Method 'SystemUInt32CosmosHALBlockDeviceRegistersPortRegistersget_CMD', ID = '1003'
Method 'SystemVoidCosmosCoreMemoryGroupAHCIctorSystemUInt32', ID = '1004'
Method 'SystemVoidCosmosHALBlockDevicePortsSATASendSATA28CommandCosmosHALBlockDeviceRegistersATACommandsSystemUInt32SystemUInt32', ID = '1005'
Method 'SystemVoidCosmosCoreMemoryBlockRead16SystemUInt16array', ID = '1007'
Method 'SystemStringCosmosHALBlockDevicePortsSATAGetStringSystemUInt16arraySystemInt32SystemInt32', ID = '1008'
Method 'SystemVoidSystemCollectionsGenericList1anonymousTypeCosmosHALBlockDevicePortsStoragePortAddWithResizeCosmosHALBlockDevicePortsStoragePort', ID = '1009'
Method 'SystemStringCosmosCore_PlugsSystemStringImplFormatHelperSystemIFormatProviderSystemStringSystemObjectarray', ID = '1010'
Method 'SystemVoidSystemThrowHelperThrowInvalidOperationException_InvalidOperation_EnumFailedVersion', ID = '1011'
Method 'SystemVoidCosmosSystemScanMapBasector', ID = '1015'
Method 'CosmosSystemKeyEventarraySystemArrayEmptyCosmosSystemKeyEvent', ID = '1017'
Method 'SystemVoidSystemCollectionsGenericList1anonymousTypeCosmosHALKeyboardBaseAddCosmosHALKeyboardBase', ID = '1019'
Method 'SystemCollectionsGenericIEnumerator1anonymousTypeCosmosHALKeyboardBaseSystemCollectionsGenericList1anonymousTypeCosmosHALKeyboardBaseSystemCollectionsGenericIEnumerableTGetEnumerator', ID = '1021'
Method 'SystemVoidCosmosSystemKeyboardManagerHandleScanCodeSystemByteSystemBoolean', ID = '1022'
Method 'SystemVoidCosmosCore_AsmDelegateImplCtorSystemObjectSystemIntPtr', ID = '802'
Method 'SystemVoidSystemCollectionsGenericList1anonymousTypeCosmosHALPITPITTimercctor', ID = '1024'
Method 'SystemVoidCosmosHALPITPITTimerDispose', ID = '1030'
Method 'SystemVoidSystemCollectionsGenericList1anonymousTypeSystemCharcctor', ID = '1033'
Method 'SystemVoidSystemCharcctor', ID = '1038'
Method 'SystemBooleanCosmosCore_PlugsSystemRuntimeCompilerServicesRuntimeHelpersImplIsReferenceOrContainsReferencesanonymousType', ID = '1042'
Method 'SystemVoidSystemCollectionsGenericList1anonymousTypeSystemCharEnsureCapacitySystemInt32', ID = '1043'
Method 'CosmosCoreCPUCosmosCoreGlobalget_CPU', ID = '1044'
Method 'SystemVoidSystemCollectionsGenericQueue1anonymousTypeCosmosSystemKeyEventThrowForEmptyQueue', ID = '1046'
Method 'SystemVoidSystemCollectionsGenericQueue1anonymousTypeCosmosSystemKeyEventMoveNextSystemInt32', ID = '1048'
Method 'SystemVoidSystemCollectionsGenericList1anonymousTypeSystemInt32cctor', ID = '1051'
Method 'SystemStringSystemStringCreateFromCharSystemChar', ID = '1057'
Method 'SystemInt32SystemStringIndexOfSystemChar', ID = '1058'
Method 'SystemVoidSystemCollectionsGenericList1anonymousTypeSystemInt32EnsureCapacitySystemInt32', ID = '1059'
Method 'SystemVoidSystemMathcctor', ID = '1060'
Method 'SystemBooleanSystemDoubleIsNaNSystemDouble', ID = '1062'
Method 'SystemBooleanSystemDoubleIsNegativeInfinitySystemDouble', ID = '1063'
Method 'SystemBooleanSystemDoubleIsPositiveInfinitySystemDouble', ID = '1064'
Method 'SystemBooleanSystemDoubleIsInfinitySystemDouble', ID = '1065'
Method 'SystemDoubleCosmosSystem_PlugsSystemMathImplAbsSystemDouble', ID = '1066'
Method 'SystemSingleCosmosSystem_PlugsSystemMathImplAbsSystemSingle', ID = '1067'
Method 'SystemDoubleCosmosSystem_PlugsSystemMathImplLogSystemDouble', ID = '1068'
Method 'SystemDoubleCosmosSystem_PlugsSystemMathImplExpSystemDouble', ID = '1069'
Method 'SystemVoidSystemTextASCIIEncodingcctor', ID = '1070'
Method 'SystemVoidCosmosCore_PlugsSystemStringImplcctor', ID = '1072'
Method 'SystemVoidSystemBufferMemmoveSystemBytepointerSystemBytepointerSystemUInt32', ID = '1074'
Method 'SystemVoidSystemTextUTF8EncodingUTF8EncodingSealedctorSystemBoolean', ID = '1075'
Method 'SystemInt32SystemTextEncodingGetByteCountSystemCharpointerSystemInt32SystemTextEncoderNLS', ID = '1078'
Method 'SystemInt32SystemTextASCIIEncodingGetByteCountSystemChararraySystemInt32SystemInt32', ID = '1079'
Method 'SystemStringSystemSRget_ArgumentNull_Array', ID = '1080'
Method 'SystemStringSystemSRget_ArgumentOutOfRange_IndexCount', ID = '1081'
Method 'SystemStringSystemSRget_ArgumentOutOfRange_Index', ID = '1082'
Method 'SystemInt32SystemTextEncodingGetBytesSystemCharpointerSystemInt32SystemBytepointerSystemInt32SystemTextEncoderNLS', ID = '1083'
Method 'SystemInt32SystemTextASCIIEncodingGetBytesSystemChararraySystemInt32SystemInt32SystemBytearraySystemInt32', ID = '1084'
Method 'SystemVoidCosmosHALTextScreenScrollUp', ID = '1085'
Method 'SystemVoidCosmosHALTextScreenset_ItemSystemInt32SystemInt32SystemByte', ID = '1086'
Method 'SystemStringCosmosCoreCosmosRuntimeTypeget_Name', ID = '1088'
Method 'SystemVoidSystemTypector', ID = '1089'
Method 'SystemStringCosmosCommonStringHelperGetNumberStringSystemUInt64', ID = '1093'
Method 'SystemBooleanSystemSRUsingResourceKeys', ID = '1094'
Method 'SystemStringSystemStringJoinSystemStringSystemObjectarray', ID = '1095'
Method 'SystemStringCosmosCommonStringHelperGetNumberStringSystemInt64', ID = '1100'
Method 'SystemStringSystemSRget_Arg_NotImplementedException', ID = '1101'
Method 'SystemVoidCosmosCoreIOPortReadctorSystemUInt16', ID = '1106'
Method 'SystemVoidCosmosCoreIOPortWritectorSystemUInt16', ID = '1107'
Method 'SystemUInt16CosmosCoreIOGroupATAGetBAR0SystemBoolean', ID = '1108'
Method 'SystemUInt16CosmosCoreIOGroupATAGetBAR1SystemBoolean', ID = '1109'
Method 'SystemVoidCosmosCoreIOPortWritectorSystemUInt16SystemUInt16', ID = '1110'
Method 'SystemVoidCosmosCoreIOPortctorSystemUInt16SystemUInt16', ID = '1111'
Method 'SystemVoidCosmosCoreIOPortReadctorSystemUInt16SystemUInt16', ID = '1112'
Method 'SystemVoidCosmosCoreMemoryBlockFillSystemUInt16', ID = '1115'
Method 'SystemVoidCosmosHALTextScreenSetCursorPosSystemInt32SystemInt32', ID = '1116'
Method 'SystemVoidSystemCollectionsGenericList1anonymousTypeCosmosHALPCIDeviceEnsureCapacitySystemInt32', ID = '1117'
Method 'SystemStringSystemThrowHelperGetResourceStringSystemExceptionResource', ID = '1118'
Method 'SystemCharCosmosCommonExtensionsToHexStringDigitToHexCharSystemByte', ID = '1119'
Method 'SystemUInt64CosmosCore_PlugsSystemObjectImplMemberwiseClone', ID = '1121'
Method 'SystemByteCosmosHALPS2Mouseget_PS2Port', ID = '1124'
Method 'SystemVoidCosmosHALPS2ControllerPrepareSecondPortWrite', ID = '1125'
Method 'SystemByteCosmosHALPS2ControllerReadByteAfterAck', ID = '1126'
Method 'SystemBooleanCosmosHALPS2Mouseget_HasScrollWheel', ID = '1127'
Method 'SystemVoidCosmosCore_AsmDelegateImplInvoke', ID = '642'
Method 'SystemByteCosmosHALPS2Keyboardget_PS2Port', ID = '1130'
Method 'SystemVoidCosmosCore_AsmDelegateImplInvoke', ID = '642'
Method 'SystemVoidCosmosHALPS2KeyboardUpdateLeds', ID = '1132'
Method 'SystemVoidSystemCollectionsGenericList1EnumeratoranonymousTypeCosmosHALPCIDevicectorSystemCollectionsGenericList1anonymousTypeCosmosHALPCIDevice', ID = '1133'
Method 'SystemBooleanSystemCollectionsGenericList1EnumeratoranonymousTypeCosmosHALPCIDeviceMoveNextRare', ID = '1134'
Method 'SystemVoidSystemCollectionsGenericList1EnumeratoranonymousTypeCosmosHALPCIDeviceDispose', ID = '1135'
Method 'SystemVoidCosmosHALBlockDeviceAtaPioWait', ID = '1139'
Method 'SystemVoidCosmosHALBlockDeviceAtaPioDebugSystemString', ID = '1142'
Method 'SystemVoidCosmosHALBlockDeviceAtaPioDebugHexSystemStringSystemUInt32', ID = '1143'
Method 'SystemVoidSystemCollectionsGenericList1anonymousTypeCosmosHALBlockDeviceBlockDeviceset_CapacitySystemInt32', ID = '1147'
Method 'SystemVoidSystemThrowHelperThrowArgumentNullExceptionSystemExceptionArgument', ID = '1148'
Method 'SystemVoidSystemThrowHelperThrowArgumentExceptionSystemExceptionResourceSystemExceptionArgument', ID = '1149'
Method 'SystemInt64SystemRuntimeCompilerServicesUnsafeReadUnalignedSystemInt64SystemByte', ID = '1150'
Method 'SystemInt32SystemRuntimeCompilerServicesUnsafeReadUnalignedSystemInt32SystemByte', ID = '1151'
Method 'SystemStringSystemSRget_Arg_GuidArrayCtor', ID = '1152'
Method 'SystemVoidSystemGuidcctor', ID = '1153'
Method 'SystemStringSystemGuidToString', ID = '1154'
Method 'SystemBooleanSystemGuidop_EqualitySystemGuidSystemGuid', ID = '1157'
Method 'SystemVoidSystemCollectionsGenericList1anonymousTypeCosmosHALBlockDeviceGPTGPartInfoAddWithResizeCosmosHALBlockDeviceGPTGPartInfo', ID = '1158'
Method 'SystemStringSystemThrowHelperGetArgumentNameSystemExceptionArgument', ID = '1159'
Method 'SystemVoidCosmosCoreIOPortWriteset_WordSystemUInt16', ID = '1160'
Method 'SystemVoidSystemCollectionsGenericList1anonymousTypeCosmosHALBlockDeviceMBRPartInfoAddWithResizeCosmosHALBlockDeviceMBRPartInfo', ID = '1161'
Method 'SystemVoidSystemCollectionsGenericList1anonymousTypeCosmosHALBlockDeviceEBRPartInfoAddWithResizeCosmosHALBlockDeviceEBRPartInfo', ID = '1163'
Method 'SystemVoidCosmosCore_AsmArrayImplCopySystemArraySystemInt32SystemArraySystemInt32SystemInt32SystemBoolean', ID = '1165'
Method 'SystemVoidCosmosHALBlockDeviceRegistersPortRegistersset_CMDSystemUInt32', ID = '1166'
Method 'SystemVoidCosmosHALBlockDeviceAHCIWaitSystemInt32', ID = '1167'
Method 'SystemUInt32CosmosHALBlockDeviceRegistersPortRegistersget_CI', ID = '1168'
Method 'SystemUInt32CosmosHALBlockDeviceRegistersPortRegistersget_TFD', ID = '1169'
Method 'SystemVoidCosmosHALBlockDeviceAHCIHBAReset', ID = '1170'
Method 'SystemVoidCosmosHALBlockDeviceRegistersPortRegistersset_SCTLSystemUInt32', ID = '1171'
Method 'SystemUInt32CosmosHALBlockDeviceRegistersPortRegistersget_SCTL', ID = '1172'
Method 'SystemVoidCosmosCoreMemoryBlockFillSystemUInt32SystemUInt32SystemByte', ID = '1173'
Method 'SystemVoidCosmosHALBlockDeviceRegistersHBACommandHeaderctorSystemUInt32SystemUInt32', ID = '1176'
Method 'SystemVoidCosmosHALBlockDeviceRegistersHBACommandHeaderset_PRDTLSystemUInt16', ID = '1177'
Method 'SystemVoidCosmosHALBlockDeviceRegistersHBACommandHeaderset_CTBASystemUInt32', ID = '1178'
Method 'SystemVoidCosmosHALBlockDeviceRegistersHBACommandHeaderset_CTBAUSystemUInt32', ID = '1179'
Method 'SystemUInt32CosmosHALBlockDeviceRegistersHBACommandHeaderget_CTBA', ID = '1180'
Method 'SystemVoidCosmosHALBlockDevicePortsSATAcctor', ID = '1181'
Method 'SystemVoidCosmosHALBlockDevicePortsSATAReadBlockSystemUInt64SystemUInt64SystemBytearray', ID = '1182'
Method 'CosmosHALBlockDeviceRegistersPortTypeCosmosHALBlockDevicePortsSATAget_mPortType', ID = '1183'
Method 'SystemStringCosmosHALBlockDevicePortsSATAget_mPortName', ID = '1184'
Method 'SystemUInt32CosmosHALBlockDevicePortsSATAget_mPortNumber', ID = '1185'
Method 'SystemInt32CosmosHALBlockDevicePortsSATAFindCMDSlot', ID = '1187'
Method 'SystemVoidCosmosHALBlockDeviceRegistersHBACommandHeaderset_CFLSystemByte', ID = '1188'
Method 'SystemVoidCosmosHALBlockDeviceRegistersHBACommandHeaderset_WriteSystemByte', ID = '1189'
Method 'SystemUInt16CosmosHALBlockDeviceRegistersHBACommandHeaderget_PRDTL', ID = '1190'
Method 'SystemVoidCosmosHALBlockDeviceRegistersHBACommandTablectorSystemUInt32SystemUInt32', ID = '1191'
Method 'SystemVoidCosmosHALBlockDeviceRegistersHBAPRDTEntryset_DBASystemUInt32', ID = '1193'
Method 'SystemVoidCosmosHALBlockDeviceRegistersHBAPRDTEntryset_DBCSystemUInt32', ID = '1194'
Method 'SystemVoidCosmosHALBlockDeviceRegistersHBAPRDTEntryset_InterruptOnCompletionSystemByte', ID = '1195'
Method 'SystemUInt32CosmosHALBlockDeviceRegistersHBACommandTableget_CFIS', ID = '1196'
Method 'SystemVoidCosmosHALBlockDeviceRegistersFISRegisterH2DctorSystemUInt32', ID = '1197'
Method 'SystemVoidCosmosHALBlockDeviceRegistersFISRegisterH2Dset_FISTypeSystemByte', ID = '1198'
Method 'SystemVoidCosmosHALBlockDeviceRegistersFISRegisterH2Dset_IsCommandSystemByte', ID = '1199'
Method 'SystemVoidCosmosHALBlockDeviceRegistersFISRegisterH2Dset_CommandSystemByte', ID = '1200'
Method 'SystemVoidCosmosHALBlockDeviceRegistersFISRegisterH2Dset_DeviceSystemByte', ID = '1201'
Method 'SystemVoidCosmosHALBlockDeviceRegistersFISRegisterH2Dset_LBA0SystemByte', ID = '1202'
Method 'SystemVoidCosmosHALBlockDeviceRegistersFISRegisterH2Dset_LBA1SystemByte', ID = '1203'
Method 'SystemVoidCosmosHALBlockDeviceRegistersFISRegisterH2Dset_LBA2SystemByte', ID = '1204'
Method 'SystemVoidCosmosHALBlockDeviceRegistersFISRegisterH2Dset_CountLSystemByte', ID = '1205'
Method 'SystemVoidCosmosHALBlockDeviceRegistersPortRegistersset_CISystemUInt32', ID = '1207'
Method 'SystemUInt32CosmosHALBlockDeviceRegistersPortRegistersget_IS', ID = '1208'
Method 'SystemVoidSystemCollectionsGenericList1anonymousTypeCosmosHALBlockDevicePortsStoragePortEnsureCapacitySystemInt32', ID = '1209'
Method 'SystemVoidSystemFormatExceptionctorSystemString', ID = '1211'
Method 'SystemInt32CosmosCommonStringHelperGetStringToNumberSystemString', ID = '1212'
Method 'SystemBooleanSystemCharIsDigitSystemChar', ID = '1213'
Method 'SystemVoidSystemCollectionsGenericList1anonymousTypeCosmosHALKeyboardBasecctor', ID = '1214'
Method 'SystemVoidSystemCollectionsGenericList1anonymousTypeCosmosHALKeyboardBaseAddWithResizeCosmosHALKeyboardBase', ID = '1226'
Method 'SystemVoidSystemCollectionsGenericList1EnumeratoranonymousTypeCosmosHALKeyboardBasectorSystemCollectionsGenericList1anonymousTypeCosmosHALKeyboardBase', ID = '1227'
Method 'SystemBooleanCosmosSystemScanMapBaseScanCodeMatchesKeySystemByteCosmosSystemConsoleKeyEx', ID = '1229'
Method 'SystemBooleanCosmosSystemKeyboardManagerget_CapsLock', ID = '1230'
Method 'SystemVoidCosmosSystemKeyboardManagerUpdateLeds', ID = '1231'
Method 'SystemBooleanCosmosSystemKeyboardManagerget_NumLock', ID = '1232'
Method 'SystemBooleanCosmosSystemKeyboardManagerget_ScrollLock', ID = '1233'
Method 'SystemVoidCosmosSystemKeyboardManagerset_ControlPressedSystemBoolean', ID = '1234'
Method 'SystemVoidCosmosSystemKeyboardManagerset_ShiftPressedSystemBoolean', ID = '1235'
Method 'SystemVoidCosmosSystemKeyboardManagerset_AltPressedSystemBoolean', ID = '1236'
Method 'SystemBooleanCosmosSystemKeyboardManagerget_ControlPressed', ID = '1237'
Method 'SystemBooleanCosmosSystemKeyboardManagerget_AltPressed', ID = '1238'
Method 'SystemVoidCosmosSystemPowerReboot', ID = '1239'
Method 'SystemBooleanCosmosSystemKeyboardManagerGetKeySystemByteCosmosSystemKeyEvent', ID = '1240'
Method 'SystemVoidCosmosSystemKeyboardManagerEnqueueCosmosSystemKeyEvent', ID = '1241'
Method 'SystemVoidCosmosHALPITUnregisterTimerSystemInt32', ID = '1243'
Method 'SystemVoidCosmosCore_AsmRuntimeHelpersImplInitializeArraySystemArraySystemRuntimeFieldHandle', ID = '1246'
Method 'SystemVoidSystemCollectionsGenericList1anonymousTypeSystemCharset_CapacitySystemInt32', ID = '1249'
Method 'SystemVoidCosmosCore_AsmCPUImplHalt', ID = '1250'
Method 'SystemStringSystemSRget_InvalidOperation_EmptyQueue', ID = '1251'
Method 'SystemInt32CosmosCore_PlugsSystemStringImplCompareToSystemString', ID = '1252'
Method 'SystemVoidSystemCollectionsGenericList1anonymousTypeSystemInt32set_CapacitySystemInt32', ID = '1254'
Method 'SystemVoidCosmosSystem_PlugsSystemMathImplcctor', ID = '1258'
Method 'SystemInt32CosmosSystem_PlugsSystemMathImplHighWordSystemDouble', ID = '1260'
Method 'SystemInt32CosmosSystem_PlugsSystemMathImplLowWordSystemDouble', ID = '1261'
Method 'SystemBytearraySystemBitConverterGetBytesSystemInt64', ID = '1262'
Method 'SystemBytearraySystemBitConverterGetBytesSystemInt32', ID = '1263'
Method 'SystemDoubleSystemBitConverterToDoubleSystemBytearraySystemInt32', ID = '1264'
Method 'SystemVoidSystemTextASCIIEncodingASCIIEncodingSealedctor', ID = '1265'
Method 'SystemVoidSystemBuffer_MemmoveSystemBytepointerSystemBytepointerSystemUInt32', ID = '1269'
Method 'SystemVoidSystemTextUTF8EncodingctorSystemBoolean', ID = '1271'
Method 'SystemInt32CosmosSystem_PlugsSystemRuntimeRuntimeHelpersImplget_OffsetToStringData', ID = '1272'
Method 'SystemInt32SystemTextASCIIEncodingGetByteCountSystemCharpointerSystemInt32SystemTextEncoderNLS', ID = '1274'
Method 'SystemInt32SystemTextUTF8EncodingGetByteCountSystemCharpointerSystemInt32SystemTextEncoderNLS', ID = '1275'
Method 'SystemInt32SystemTextEncodingGetByteCountSystemCharpointerSystemInt32', ID = '1276'
Method 'SystemStringSystemSRget_ArgumentOutOfRange_IndexCountBuffer', ID = '1277'
Method 'SystemInt32SystemTextASCIIEncodingGetBytesSystemCharpointerSystemInt32SystemBytepointerSystemInt32SystemTextEncoderNLS', ID = '1278'
Method 'SystemInt32SystemTextUTF8EncodingGetBytesSystemCharpointerSystemInt32SystemBytepointerSystemInt32SystemTextEncoderNLS', ID = '1279'
Method 'SystemInt32SystemTextEncodingGetBytesSystemCharpointerSystemInt32SystemBytepointerSystemInt32', ID = '1280'
Method 'SystemVoidCosmosCoreMemoryBlockMoveDownSystemUInt32SystemUInt32SystemUInt32', ID = '1281'
Method 'SystemVoidCosmosCoreMemoryBlockFillSystemUInt32SystemUInt32SystemUInt16', ID = '1282'
Method 'SystemVoidCosmosCoreMemoryBlock08set_ItemSystemUInt32SystemByte', ID = '1283'
Method 'SystemVoidCosmosCore_PlugsSystemTypeImplcctor', ID = '1284'
Method 'SystemVoidSystemReflectionMemberInfoctor', ID = '1285'
Method 'SystemStringSystemStringJoinCoreSystemCharpointerSystemInt32SystemObjectarray', ID = '1286'
Method 'SystemGlobalizationCultureInfoCosmosCore_PlugsSystemGlobalizationCultureInfoImplget_CurrentCulture', ID = '1288'
Method 'SystemStringCosmosCore_PlugsSystemStringImplToLowerSystemGlobalizationCultureInfo', ID = '1289'
Method 'SystemVoidCosmosCoreIOPortBasectorSystemUInt16SystemUInt16', ID = '1290'
Method 'SystemVoidSystemCollectionsGenericList1anonymousTypeCosmosHALPCIDeviceset_CapacitySystemInt32', ID = '1291'
Method 'SystemStringSystemSRGetResourceStringSystemString', ID = '1292'
Method 'SystemUInt16CosmosCore_AsmIOPortImplRead16SystemUInt16', ID = '1299'
Method 'SystemArgumentNullExceptionSystemThrowHelperGetArgumentNullExceptionSystemExceptionArgument', ID = '1300'
Method 'SystemArgumentExceptionSystemThrowHelperGetArgumentExceptionSystemExceptionResourceSystemExceptionArgument', ID = '1301'
Method 'SystemStringSystemGuidToStringSystemStringSystemIFormatProvider', ID = '1303'
Method 'SystemVoidSystemCollectionsGenericList1anonymousTypeCosmosHALBlockDeviceGPTGPartInfoEnsureCapacitySystemInt32', ID = '1304'
Method 'SystemVoidSystemCollectionsGenericList1anonymousTypeCosmosHALBlockDeviceMBRPartInfoEnsureCapacitySystemInt32', ID = '1305'
Method 'SystemVoidSystemCollectionsGenericList1anonymousTypeCosmosHALBlockDeviceEBRPartInfoEnsureCapacitySystemInt32', ID = '1306'
Method 'SystemVoidCosmosCore_AsmIOPortImplWrite16SystemUInt16SystemUInt16', ID = '1307'
Method 'SystemVoidCosmosCoreMemoryOperationsFillSystemBytepointerSystemByteSystemInt32', ID = '1309'
Method 'SystemVoidCosmosCoreMemoryBlock16set_ItemSystemUInt32SystemUInt16', ID = '1315'
Method 'SystemVoidCosmosHALBlockDevicePortsSATASendSATA48CommandCosmosHALBlockDeviceRegistersATACommandsSystemUInt64SystemUInt32', ID = '1316'
Method 'SystemVoidCosmosCoreMemoryBlockRead8SystemBytearray', ID = '1317'
Method 'SystemUInt32CosmosHALBlockDeviceRegistersPortRegistersget_SACT', ID = '1318'
Method 'SystemByteCosmosCoreMemoryBlock08get_ItemSystemUInt32', ID = '1319'
Method 'SystemUInt16CosmosCoreMemoryBlock16get_ItemSystemUInt32', ID = '1320'
Method 'SystemVoidCosmosHALBlockDeviceRegistersHBAPRDTEntryctorSystemUInt32SystemUInt32', ID = '1322'
Method 'SystemBooleanSystemStringIsNullOrWhiteSpaceSystemString', ID = '1324'
Method 'SystemBooleanSystemCharIsLatin1SystemChar', ID = '1325'
Method 'SystemGlobalizationUnicodeCategorySystemGlobalizationCharUnicodeInfoGetUnicodeCategorySystemChar', ID = '1326'
Method 'SystemVoidCosmosSystemScanMapsUS_StandardInitKeys', ID = '1327'
Method 'SystemVoidSystemArrayEmptyArray1anonymousTypeCosmosSystemKeyEventcctor', ID = '1331'
Method 'SystemVoidSystemCollectionsGenericList1anonymousTypeCosmosHALKeyboardBaseEnsureCapacitySystemInt32', ID = '1332'
Method 'SystemVoidSystemCollectionsGenericList1EnumeratoranonymousTypeCosmosHALKeyboardBaseDispose', ID = '1333'
Method 'CosmosHALKeyboardBaseSystemCollectionsGenericList1EnumeratoranonymousTypeCosmosHALKeyboardBaseget_Current', ID = '1334'
Method 'SystemBooleanSystemCollectionsGenericList1EnumeratoranonymousTypeCosmosHALKeyboardBaseMoveNext', ID = '1335'
Method 'CosmosSystemKeyMappingSystemCollectionsGenericList1anonymousTypeCosmosSystemKeyMappingget_ItemSystemInt32', ID = '1336'
Method 'SystemInt32SystemCollectionsGenericList1anonymousTypeCosmosSystemKeyMappingget_Count', ID = '1338'
Method 'SystemCollectionsGenericList1EnumeratoranonymousTypeCosmosHALKeyboardBaseSystemCollectionsGenericList1anonymousTypeCosmosHALKeyboardBaseGetEnumerator', ID = '1339'
Method 'SystemVoidCosmosHALPowerCPUReboot', ID = '1344'
Method 'SystemBooleanCosmosSystemKeyboardManagerget_ShiftPressed', ID = '1346'
Method 'CosmosSystemKeyEventCosmosSystemScanMapBaseConvertScanCodeSystemByteSystemBooleanSystemBooleanSystemBooleanSystemBooleanSystemBooleanSystemBoolean', ID = '1347'
Method 'SystemVoidSystemCollectionsGenericQueue1anonymousTypeCosmosSystemKeyEventEnqueueCosmosSystemKeyEvent', ID = '1348'
Method 'SystemInt32CosmosCore_PlugsSystemStringImplIndexOfSystemCharSystemInt32SystemInt32', ID = '1351'
Method 'SystemVoidSystemSinglecctor', ID = '1353'
Method 'SystemInt32SystemBitConverterToInt32SystemBytearraySystemInt32', ID = '1357'
Method 'SystemInt64SystemRuntimeCompilerServicesUnsafeAsSystemByteSystemInt64SystemByte', ID = '1358'
Method 'SystemInt32SystemRuntimeCompilerServicesUnsafeAsSystemByteSystemInt32SystemByte', ID = '1359'
Method 'SystemVoidSystemTextASCIIEncodingctor', ID = '1361'
Method 'SystemInt32SystemTextUTF8EncodingGetByteCountSystemString', ID = '1364'
Method 'SystemInt32SystemTextUTF8EncodingGetBytesSystemStringSystemInt32SystemInt32SystemBytearraySystemInt32', ID = '1365'
Method 'SystemInt32SystemTextUTF8EncodingGetByteCountSystemChararraySystemInt32SystemInt32', ID = '1366'
Method 'SystemInt32SystemTextUTF8EncodingGetBytesSystemChararraySystemInt32SystemInt32SystemBytearraySystemInt32', ID = '1367'
Method 'SystemVoidSystemTextUTF8EncodingctorSystemBooleanSystemBoolean', ID = '1368'
Method 'SystemTextEncoderFallbackSystemTextEncoderget_Fallback', ID = '1371'
Method 'SystemBooleanSystemTextEncoderget_InternalHasFallbackBuffer', ID = '1373'
Method 'SystemTextEncoderFallbackBufferSystemTextEncoderget_FallbackBuffer', ID = '1374'
Method 'SystemStringSystemSRget_Argument_EncoderFallbackNotEmpty', ID = '1376'
Method 'SystemStringSystemTextEncodingget_EncodingName', ID = '1377'
Method 'SystemStringSystemSRFormatSystemStringSystemObjectSystemObject', ID = '1378'
Method 'SystemVoidSystemArgumentExceptionctorSystemString', ID = '1379'
Method 'SystemVoidSystemTextEncoderFallbackBufferInternalInitializeSystemCharpointerSystemCharpointerSystemTextEncoderNLSSystemBoolean', ID = '1380'
Method 'SystemTextEncoderFallbackSystemTextEncodingget_EncoderFallback', ID = '1381'
Method 'SystemBooleanSystemTextEncoderFallbackBufferInternalFallbackSystemCharSystemCharpointer', ID = '1383'
Method 'SystemCharSystemTextEncoderFallbackBufferInternalGetNextChar', ID = '1385'
Method 'SystemBooleanSystemTextUTF8EncodingInRangeSystemInt32SystemInt32SystemInt32', ID = '1388'
Method 'SystemBooleanSystemTextEncoderNLSget_MustFlush', ID = '1389'
Method 'SystemInt32SystemTextUTF8EncodingPtrDiffSystemCharpointerSystemCharpointer', ID = '1390'
Method 'SystemInt32SystemTextASCIIEncodingGetByteCountSystemCharpointerSystemInt32', ID = '1391'
Method 'SystemInt32SystemTextUTF8EncodingGetByteCountSystemCharpointerSystemInt32', ID = '1392'
Method 'SystemStringSystemTextEncoderReplacementFallbackget_DefaultString', ID = '1393'
Method 'SystemVoidSystemTextEncodingThrowBytesOverflowSystemTextEncoderNLSSystemBoolean', ID = '1394'
Method 'SystemInt32SystemTextUTF8EncodingPtrDiffSystemBytepointerSystemBytepointer', ID = '1396'
Method 'SystemInt32SystemTextASCIIEncodingGetBytesSystemCharpointerSystemInt32SystemBytepointerSystemInt32', ID = '1397'
Method 'SystemInt32SystemTextUTF8EncodingGetBytesSystemCharpointerSystemInt32SystemBytepointerSystemInt32', ID = '1398'
Method 'SystemVoidCosmosCoreMemoryOperationsFillSystemUInt16pointerSystemUInt16SystemInt32', ID = '1400'
Method 'SystemTextStringBuilderSystemTextStringBuilderCacheAcquireSystemInt32', ID = '1402'
Method 'SystemTextStringBuilderSystemTextStringBuilderAppendSystemString', ID = '1403'
Method 'SystemTextStringBuilderSystemTextStringBuilderAppendSystemCharpointerSystemInt32', ID = '1404'
Method 'SystemStringSystemTextStringBuilderCacheGetStringAndReleaseSystemTextStringBuilder', ID = '1405'
Method 'SystemStringSystemGlobalizationCultureInfoToString', ID = '1407'
Method 'SystemStringCosmosCore_PlugsSystemStringImplChangeCasingSystemStringSystemInt32SystemInt32SystemInt32', ID = '1409'
Method 'SystemStringSystemSRget_Format_InvalidGuidFormatSpecification', ID = '1410'
Method 'SystemInt32SystemGuidHexsToCharsSystemCharpointerSystemInt32SystemInt32', ID = '1411'
Method 'SystemInt32SystemGuidHexsToCharsHexOutputSystemCharpointerSystemInt32SystemInt32', ID = '1412'
Method 'SystemVoidSystemCollectionsGenericList1anonymousTypeCosmosHALBlockDeviceGPTGPartInfoset_CapacitySystemInt32', ID = '1413'
Method 'SystemVoidSystemCollectionsGenericList1anonymousTypeCosmosHALBlockDeviceMBRPartInfoset_CapacitySystemInt32', ID = '1414'
Method 'SystemVoidSystemCollectionsGenericList1anonymousTypeCosmosHALBlockDeviceEBRPartInfoset_CapacitySystemInt32', ID = '1415'
Method 'SystemVoidCosmosHALBlockDeviceRegistersFISRegisterH2Dset_LBA3SystemByte', ID = '1418'
Method 'SystemVoidCosmosHALBlockDeviceRegistersFISRegisterH2Dset_LBA4SystemByte', ID = '1419'
Method 'SystemVoidCosmosHALBlockDeviceRegistersFISRegisterH2Dset_LBA5SystemByte', ID = '1420'
Method 'SystemVoidCosmosHALBlockDeviceRegistersFISRegisterH2Dset_CountHSystemByte', ID = '1421'
Method 'SystemBooleanSystemCharIsWhiteSpaceSystemChar', ID = '1422'
Method 'SystemVoidSystemCollectionsGenericList1anonymousTypeCosmosSystemKeyMappingctorSystemInt32', ID = '1426'
Method 'SystemVoidCosmosSystemKeyMappingctorSystemByteCosmosSystemConsoleKeyEx', ID = '1427'
Method 'SystemVoidSystemCollectionsGenericList1anonymousTypeCosmosSystemKeyMappingAddCosmosSystemKeyMapping', ID = '1428'
Method 'SystemVoidCosmosSystemKeyMappingctorSystemByteSystemCharSystemCharSystemCharSystemCharSystemCharSystemCharCosmosSystemConsoleKeyEx', ID = '1429'
Method 'SystemVoidCosmosSystemKeyMappingctorSystemByteSystemCharCosmosSystemConsoleKeyEx', ID = '1430'
Method 'SystemVoidCosmosSystemKeyMappingctorSystemByteSystemCharSystemCharSystemCharSystemCharSystemCharSystemCharCosmosSystemConsoleKeyExCosmosSystemConsoleKeyEx', ID = '1431'
Method 'SystemVoidSystemCollectionsGenericList1anonymousTypeCosmosHALKeyboardBaseset_CapacitySystemInt32', ID = '1432'
Method 'SystemBooleanSystemCollectionsGenericList1EnumeratoranonymousTypeCosmosHALKeyboardBaseMoveNextRare', ID = '1433'
Method 'SystemVoidCosmosCoreCPUReboot', ID = '1436'
Method 'SystemVoidCosmosSystemKeyEventctor', ID = '1437'
Method 'SystemConsoleModifiersCosmosSystemKeyEventget_Modifiers', ID = '1438'
Method 'SystemVoidCosmosSystemKeyEventset_ModifiersSystemConsoleModifiers', ID = '1439'
Method 'SystemVoidCosmosSystemKeyEventset_TypeCosmosSystemKeyEventKeyEventType', ID = '1440'
Method 'SystemVoidCosmosSystemKeyEventset_KeyCharSystemChar', ID = '1441'
Method 'SystemVoidCosmosSystemKeyEventset_KeyCosmosSystemConsoleKeyEx', ID = '1442'
Method 'SystemVoidSystemCollectionsGenericQueue1anonymousTypeCosmosSystemKeyEventSetCapacitySystemInt32', ID = '1443'
Method 'SystemSingleSystemBitConverterInt32BitsToSingleSystemInt32', ID = '1445'
Method 'SystemStringCosmosSystem_PlugsSystemSingleImplToString', ID = '1447'
Method 'SystemVoidSystemTextEncodingctorSystemInt32', ID = '1448'
Method 'SystemVoidCosmosCore_PlugsSystemBufferImpl__MemmoveSystemBytepointerSystemBytepointerSystemUInt32', ID = '1449'
Method 'SystemVoidSystemTextUTF8Encodingcctor', ID = '1450'
Method 'SystemVoidSystemTextEncodingSetDefaultFallbacks', ID = '1451'
Method 'SystemTextEncoderFallbackSystemTextEncoderFallbackget_ReplacementFallback', ID = '1453'
Method 'SystemInt32SystemTextEncoderReplacementFallbackget_MaxCharCount', ID = '1454'
Method 'SystemBooleanSystemCharIsHighSurrogateSystemChar', ID = '1456'
Method 'SystemBooleanSystemCharIsLowSurrogateSystemChar', ID = '1457'
Method 'SystemInt32SystemCharConvertToUtf32SystemCharSystemChar', ID = '1458'
Method 'SystemVoidSystemTextEncoderFallbackBufferThrowLastCharRecursiveSystemInt32', ID = '1459'
Method 'SystemTextEncoderFallbackBufferSystemTextEncoderReplacementFallbackCreateFallbackBuffer', ID = '1462'
Method 'SystemTextEncoderFallbackBufferCosmosCore_PlugsSystemTextEncoderFallbackImplCreateFallbackBuffer', ID = '1463'
Method 'SystemVoidSystemTextEncoderFallbackBufferInternalReset', ID = '1465'
Method 'SystemVoidSystemTextEncodingThrowBytesOverflow', ID = '1466'
Method 'SystemVoidSystemTextEncoderNLSClearMustFlush', ID = '1467'
Method 'SystemVoidCosmosCore_PlugsMemoryOperationsMemoryOperationsImplCopySystemBytepointerSystemBytepointerSystemInt32', ID = '1468'
Method 'SystemInt32SystemTextStringBuilderget_Capacity', ID = '1473'
Method 'SystemTextStringBuilderSystemTextStringBuilderClear', ID = '1474'
Method 'SystemVoidSystemTextStringBuilderctorSystemInt32', ID = '1475'
Method 'SystemVoidSystemTextStringBuilderAppendHelperSystemString', ID = '1476'
Method 'SystemStringSystemSRget_ArgumentOutOfRange_NegativeCount', ID = '1477'
Method 'SystemInt32SystemTextStringBuilderget_Length', ID = '1478'
Method 'SystemStringSystemSRget_ArgumentOutOfRange_LengthGreaterThanCapacity', ID = '1479'
Method 'SystemVoidSystemTextStringBuilderThreadSafeCopySystemCharpointerSystemChararraySystemInt32SystemInt32', ID = '1480'
Method 'SystemVoidSystemTextStringBuilderExpandByABlockSystemInt32', ID = '1481'
Method 'SystemVoidSystemTextStringBuilderCacheReleaseSystemTextStringBuilder', ID = '1482'
Method 'SystemVoidCosmosCore_PlugsSystemGlobalizationCultureInfoImplCCtor', ID = '1483'
Method 'SystemCharSystemGuidHexToCharSystemInt32', ID = '1484'
Method 'SystemVoidCosmosCore_PlugsMemoryOperationsMemoryOperationsImplFillSystemBytepointerSystemInt32SystemInt32', ID = '1485'
Method 'SystemBooleanSystemCharIsWhiteSpaceLatin1SystemChar', ID = '1486'
Method 'SystemBooleanSystemGlobalizationCharUnicodeInfoIsWhiteSpaceSystemChar', ID = '1487'
Method 'SystemByteCosmosCore_PlugsSystemGlobalizationCharUnicodeInfoImplInternalGetUnicodeCategorySystemInt32', ID = '1489'
Method 'SystemVoidSystemCollectionsGenericList1anonymousTypeCosmosSystemKeyMappingAddWithResizeCosmosSystemKeyMapping', ID = '1491'
Method 'SystemVoidCosmosSystemKeyMappingctorSystemByteSystemCharSystemCharSystemCharSystemCharSystemCharSystemCharSystemCharSystemCharSystemCharSystemCharCosmosSystemConsoleKeyEx', ID = '1492'
Method 'SystemVoidCosmosSystemKeyMappingctorSystemByteSystemCharSystemCharSystemCharSystemCharSystemCharSystemCharSystemCharCosmosSystemConsoleKeyExCosmosSystemConsoleKeyEx', ID = '1493'
Method 'SystemVoidSystemCollectionsGenericList1anonymousTypeCosmosSystemKeyMappingcctor', ID = '1494'
Method 'SystemStringCosmosCommonStringHelperGetNumberStringSystemSingle', ID = '1504'
Method 'SystemVoidSystemTextASCIIEncodingSetDefaultFallbacks', ID = '1507'
Method 'SystemVoidSystemTextUTF8EncodingSetDefaultFallbacks', ID = '1508'
Method 'SystemVoidSystemTextInternalEncoderBestFitFallbackctorSystemTextEncoding', ID = '1509'
Method 'SystemVoidSystemTextInternalDecoderBestFitFallbackctorSystemTextEncoding', ID = '1510'
Method 'SystemVoidSystemThreadingMonitorEnterSystemObjectSystemBoolean', ID = '1513'
Method 'SystemVoidSystemTextEncoderReplacementFallbackctor', ID = '1514'
Method 'SystemStringSystemSRget_ArgumentOutOfRange_InvalidHighSurrogate', ID = '1516'
Method 'SystemStringSystemSRget_ArgumentOutOfRange_InvalidLowSurrogate', ID = '1517'
Method 'SystemStringSystemSRget_Argument_RecursiveFallback', ID = '1518'
Method 'SystemVoidSystemTextEncoderReplacementFallbackBufferctorSystemTextEncoderReplacementFallback', ID = '1519'
Method 'SystemVoidSystemTextEncoderFallbackBufferReset', ID = '1521'
Method 'SystemStringSystemSRget_Argument_EncodingConversionOverflowBytes', ID = '1522'
Method 'SystemVoidCosmosCore_PlugsMemoryOperationsMemoryOperationsImplCopyTinySystemBytepointerSystemBytepointerSystemInt32', ID = '1524'
Method 'SystemInt32SystemMathDivRemSystemInt32SystemInt32SystemInt32', ID = '1525'
Method 'SystemVoidCosmosCore_PlugsMemoryOperationsMemoryOperationsImplCopy128BlocksSystemBytepointerSystemBytepointerSystemInt32', ID = '1526'
Method 'SystemStringSystemTextStringBuilderToString', ID = '1527'
Method 'SystemVoidSystemTextStringBuilderset_LengthSystemInt32', ID = '1528'
Method 'SystemVoidSystemTextStringBuilderctorSystemInt32SystemInt32', ID = '1529'
Method 'SystemStringSystemSRget_ArgumentOutOfRange_SmallCapacity', ID = '1530'
Method 'SystemInt32SystemMathMinSystemInt32SystemInt32', ID = '1531'
Method 'SystemInt32SystemMathMaxSystemInt32SystemInt32', ID = '1532'
Method 'SystemVoidSystemTextStringBuilderctorSystemTextStringBuilder', ID = '1533'
Method 'SystemVoidCosmosCore_PlugsMemoryOperationsMemoryOperationsImplFill16BlocksSystemBytepointerSystemInt32SystemInt32', ID = '1534'
Method 'SystemVoidCosmosCore_PlugsSystemCharUnicodeInfoImplCctor', ID = '1535'
Method 'SystemVoidSystemCollectionsGenericList1anonymousTypeCosmosSystemKeyMappingEnsureCapacitySystemInt32', ID = '1537'
Method 'SystemVoidCosmosSystemKeyMappingctorSystemByteSystemCharSystemCharSystemCharSystemCharSystemCharSystemCharSystemCharSystemCharSystemCharSystemCharCosmosSystemConsoleKeyExCosmosSystemConsoleKeyEx', ID = '1538'
Method 'SystemBytearraySystemBitConverterGetBytesSystemSingle', ID = '1539'
Method 'SystemTextDecoderFallbackSystemTextDecoderFallbackget_ReplacementFallback', ID = '1540'
Method 'SystemTextEncoderFallbackSystemTextEncoderFallbackget_ExceptionFallback', ID = '1541'
Method 'SystemTextDecoderFallbackSystemTextDecoderFallbackget_ExceptionFallback', ID = '1542'
Method 'SystemVoidSystemTextEncoderReplacementFallbackctorSystemString', ID = '1543'
Method 'SystemVoidSystemTextDecoderReplacementFallbackctorSystemString', ID = '1544'
Method 'SystemVoidSystemTextEncoderFallbackctor', ID = '1546'
Method 'SystemVoidSystemTextDecoderFallbackctor', ID = '1548'
Method 'SystemObjectCosmosCore_PlugsSystemTextEncoderFallbackImplget_InternalSyncObject', ID = '1550'
Method 'SystemVoidSystemThreadingMonitorThrowLockTakenException', ID = '1553'
Method 'SystemVoidCosmosCore_PlugsSystemThreadingMonitorImplExitSystemObject', ID = '1555'
Method 'SystemVoidSystemTextEncoderFallbackBufferctor', ID = '1557'
Method 'SystemVoidSystemTextEncoderReplacementFallbackBufferReset', ID = '1558'
Method 'SystemVoidCosmosCore_PlugsMemoryOperationsMemoryOperationsImplCopy64BytesSystemBytepointerSystemBytepointer', ID = '1559'
Method 'SystemVoidCosmosCore_PlugsMemoryOperationsMemoryOperationsImplCopy16BytesSystemBytepointerSystemBytepointer', ID = '1560'
Method 'SystemVoidCosmosCore_PlugsMemoryOperationsMemoryOperationsImplCopy32BytesSystemBytepointerSystemBytepointer', ID = '1561'
Method 'SystemVoidCosmosCore_PlugsMemoryOperationsMemoryOperationsImplCopy128BytesSystemBytepointerSystemBytepointer', ID = '1562'
Method 'SystemInt32SystemTextStringBuilderget_MaxCapacity', ID = '1563'
Method 'SystemTextStringBuilderSystemTextStringBuilderAppendSystemCharSystemInt32', ID = '1564'
Method 'SystemTextStringBuilderSystemTextStringBuilderFindChunkForIndexSystemInt32', ID = '1565'
Method 'SystemStringSystemSRget_ArgumentOutOfRange_Capacity', ID = '1566'
Method 'SystemStringSystemSRget_ArgumentOutOfRange_SmallMaxCapacity', ID = '1567'
Method 'SystemStringSystemSRget_ArgumentOutOfRange_MustBePositive', ID = '1568'
Method 'SystemVoidSystemCollectionsGenericList1anonymousTypeCosmosSystemKeyMappingset_CapacitySystemInt32', ID = '1570'
Method 'SystemSingleSystemRuntimeCompilerServicesUnsafeAsSystemByteSystemSingleSystemByte', ID = '1571'
Method 'SystemVoidSystemTextDecoderReplacementFallbackctor', ID = '1574'
Method 'SystemVoidSystemTextEncoderExceptionFallbackctor', ID = '1576'
Method 'SystemVoidSystemTextDecoderExceptionFallbackctor', ID = '1578'
Method 'SystemBooleanSystemCharIsSurrogateSystemStringSystemInt32', ID = '1579'
Method 'SystemBooleanSystemCharIsHighSurrogateSystemStringSystemInt32', ID = '1580'
Method 'SystemStringSystemSRget_Argument_InvalidCharSequenceNoIndex', ID = '1581'
Method 'SystemInt32SystemTextInternalEncoderBestFitFallbackget_MaxCharCount', ID = '1583'
Method 'SystemStringSystemSRget_Argument_MustBeFalse', ID = '1585'
Method 'SystemVoidCosmosCore_PlugsSystemThreadingMonitorImplReliableEnterSystemObjectSystemBoolean', ID = '1586'
Method 'SystemInt32SystemTextEncoderReplacementFallbackBufferget_Remaining', ID = '1588'
Method 'SystemBooleanSystemTextEncoderReplacementFallbackBufferMovePrevious', ID = '1589'
Method 'SystemBooleanSystemTextEncoderReplacementFallbackBufferFallbackSystemCharSystemCharSystemInt32', ID = '1590'
Method 'SystemBooleanSystemTextEncoderReplacementFallbackBufferFallbackSystemCharSystemInt32', ID = '1591'
Method 'SystemCharSystemTextEncoderReplacementFallbackBufferGetNextChar', ID = '1592'
Method 'SystemObjectCosmosCore_PlugsSystemTextDecoderFallbackImplget_InternalSyncObject', ID = '1593'
Method 'SystemBooleanSystemCharIsSurrogateSystemChar', ID = '1596'
Method 'SystemTextEncoderFallbackBufferCosmosCore_PlugsSystemTextInternalEncoderBestFitFallbackImplCreateFallbackBuffer', ID = '1597'
Method 'SystemStringSystemSRget_ArgumentOutOfRange_Range', ID = '1598'
Method 'SystemInt32SystemTextEncoderExceptionFallbackget_MaxCharCount', ID = '1600'
Method 'SystemTextEncoderFallbackBufferSystemTextEncoderExceptionFallbackCreateFallbackBuffer', ID = '1601'
Method 'SystemVoidSystemTextEncoderExceptionFallbackBufferctor', ID = '1603'
Method 'SystemInt32SystemTextEncoderExceptionFallbackBufferget_Remaining', ID = '1605'
Method 'SystemBooleanSystemTextEncoderExceptionFallbackBufferMovePrevious', ID = '1606'
Method 'SystemBooleanSystemTextEncoderExceptionFallbackBufferFallbackSystemCharSystemCharSystemInt32', ID = '1607'
Method 'SystemBooleanSystemTextEncoderExceptionFallbackBufferFallbackSystemCharSystemInt32', ID = '1608'
Method 'SystemCharSystemTextEncoderExceptionFallbackBufferGetNextChar', ID = '1609'
Method 'SystemStringSystemSRget_Argument_InvalidCodePageConversionIndex', ID = '1610'
Method 'SystemVoidSystemTextEncoderFallbackExceptionctorSystemStringSystemCharSystemCharSystemInt32', ID = '1611'
Method 'SystemVoidSystemTextEncoderFallbackExceptionctorSystemStringSystemCharSystemInt32', ID = '1612'
d 'SystemCharSystemTextEncoderExceptionFallbackBufferGetNextChar', ID = '1613'
Method 'SystemStringSystemSRget_Argument_InvalidCodePageConversionIndex', ID = '1614'
Method 'SystemVoidSystemTextEncoderFallbackExceptionctorSystemStringSystemCharSystemCharSystemInt32', ID = '1615'
Method 'SystemVoidSystemTextEncoderFallbackExceptionctorSystemStringSystemCharSystemInt32', ID = '1616'
